#
# A fatal error has been detected by the Java Runtime Environment:
#
#  EXCEPTION_ACCESS_VIOLATION (0xc0000005) at pc=0x0000027e44a96624, pid=24076, tid=11300
#
# JRE version: OpenJDK Runtime Environment Temurin-21.0.5+11 (21.0.5+11) (build 21.0.5+11-LTS)
# Java VM: OpenJDK 64-Bit Server VM Temurin-21.0.5+11 (21.0.5+11-LTS, mixed mode, sharing, tiered, compressed oops, compressed class ptrs, g1 gc, windows-amd64)
# Problematic frame:
# v  ~BufferBlob::MethodHandles adapters 0x0000027e44a96624
#
# No core dump will be written. Minidumps are not enabled by default on client versions of Windows
#
# If you would like to submit a bug report, please visit:
#   https://github.com/adoptium/adoptium-support/issues
#

---------------  S U M M A R Y ------------

Command Line: -XX:+ShowCodeDetailsInExceptionMessages -agentlib:jdwp=transport=dt_socket,suspend=y,address=localhost:50470 -javaagent:C:\Users\david\Downloads\eclipse-jee-2024-12-R-win32-x86_64\eclipse\configuration\org.eclipse.osgi\444\0\.cp\lib\javaagent-shaded.jar -Dfile.encoding=UTF-8 -Dstdout.encoding=UTF-8 -Dstderr.encoding=UTF-8 com.davide.azienda.AziendaApplication

Host: AMD Ryzen 7 5800H with Radeon Graphics         , 16 cores, 15G,  Windows 11 , 64 bit Build 26100 (10.0.26100.3323)
Time: Wed Apr  2 14:59:28 2025 ora legale Europa occidentale elapsed time: 3523.657614 seconds (0d 0h 58m 43s)

---------------  T H R E A D  ---------------

Current thread (0x0000027ea35d4280):  JavaThread "http-nio-8080-exec-7" daemon [_thread_in_Java, id=11300, stack(0x000000d0e5500000,0x000000d0e5600000) (1024K)]

Stack: [0x000000d0e5500000,0x000000d0e5600000],  sp=0x000000d0e55fd548,  free space=1013k
Native frames: (J=compiled Java code, j=interpreted, Vv=VM code, C=native code)
C  0x0000027e44a96624

The last pc belongs to _linkToVirtual (printed below).

siginfo: EXCEPTION_ACCESS_VIOLATION (0xc0000005), reading address 0x00000286ec154436


Registers:
RAX=0x0000027e44a496b9, RBX=0x000000070c4b11d0, RCX=0x000000d0e55fd560, RDX=0x0000000000000004
RSP=0x000000d0e55fd548, RBP=0x000000d0e55fd5a8, RSI=0x0000027e9f1e0268, RDI=0x0000027e9c838ee0
R8 =0x0000000000000004, R9 =0x0000000000000004, R10=0x0000027eec154276, R11=0x0000000100000000
R12=0x0000000000000000, R13=0x000000d0e55fd548, R14=0x000000d0e55fd5d8, R15=0x0000027ea35d4280
RIP=0x0000027e44a96624, EFLAGS=0x0000000000010202


Register to memory mapping:

RAX=0x0000027e44a496b9 is at code_begin+4665 in an Interpreter codelet
return entry points  [0x0000027e44a48480, 0x0000027e44a4a590]  8464 bytes
RBX=0x000000070c4b11d0 is an oop: org.springframework.validation.support.BindingAwareModelMap 
{0x000000070c4b11d0} - klass: 'org/springframework/validation/support/BindingAwareModelMap'
 - ---- fields (total size 8 words):
 - transient 'keySet' 'Ljava/util/Set;' @12  null (0x00000000)
 - transient 'values' 'Ljava/util/Collection;' @16  null (0x00000000)
 - transient 'size' 'I' @20  1 (0x00000001)
 - transient 'modCount' 'I' @24  1 (0x00000001)
 - 'threshold' 'I' @28  12 (0x0000000c)
 - final 'loadFactor' 'F' @32  0.750000 (0x3f400000)
 - transient 'table' '[Ljava/util/HashMap$Node;' @36  a 'java/util/HashMap$Node'[16] {0x000000070c4b19e0} (0xe189633c)
 - transient 'entrySet' 'Ljava/util/Set;' @40  null (0x00000000)
 - transient 'putMode' 'I' @44  0 (0x00000000)
 - final 'accessOrder' 'Z' @48  false (0x00)
 - transient 'head' 'Ljava/util/LinkedHashMap$Entry;' @52  a 'java/util/LinkedHashMap$Entry'{0x000000070c4b1a30} (0xe1896346)
 - transient 'tail' 'Ljava/util/LinkedHashMap$Entry;' @56  a 'java/util/LinkedHashMap$Entry'{0x000000070c4b1a30} (0xe1896346)
RCX=0x000000d0e55fd560 is pointing into the stack for thread: 0x0000027ea35d4280
RDX=0x0000000000000004 is an unknown value
RSP=0x000000d0e55fd548 is pointing into the stack for thread: 0x0000027ea35d4280
RBP=0x000000d0e55fd5a8 is pointing into the stack for thread: 0x0000027ea35d4280
RSI=0x0000027e9f1e0268 points into unknown readable memory: 0x80001500a72ef1c3 | c3 f1 2e a7 00 15 00 80
RDI=0x0000027e9c838ee0 points into unknown readable memory: 0x0000002800000080 | 80 00 00 00 28 00 00 00
R8 =0x0000000000000004 is an unknown value
R9 =0x0000000000000004 is an unknown value
R10=0x0000027eec154276 is an unknown value
R11=0x0000000100000000 is an unknown value
R12=0x0 is null
R13=0x000000d0e55fd548 is pointing into the stack for thread: 0x0000027ea35d4280
R14=0x000000d0e55fd5d8 is pointing into the stack for thread: 0x0000027ea35d4280
R15=0x0000027ea35d4280 is a thread

Top of Stack: (sp=0x000000d0e55fd548)
0x000000d0e55fd548:   0000027e44a496b9 000000070c4b1320
0x000000d0e55fd558:   000000070b78ec30 000000d0e55fd560
0x000000d0e55fd568:   0000027e97154276 0000000000000006
0x000000d0e55fd578:   0000027e971543c8 0000027e97154690
0x000000d0e55fd588:   000000070ae01ff0 0000027e97154288
0x000000d0e55fd598:   000000d0e55fd548 000000d0e55fd5e0
0x000000d0e55fd5a8:   000000d0e55fd648 0000027e44a496b9
0x000000d0e55fd5b8:   000000070b7fc150 000000070c4b11d0
0x000000d0e55fd5c8:   000000070c4b1320 000000070b78ec30
0x000000d0e55fd5d8:   000000070b7fc220 000000070fc24c40
0x000000d0e55fd5e8:   000000070fc24f80 000000070ca458c0
0x000000d0e55fd5f8:   000000070ff7ab90 000000d0e55fd600
0x000000d0e55fd608:   0000027e9944d301 000000000000000c
0x000000d0e55fd618:   0000027e9944d450 0000000000000000
0x000000d0e55fd628:   000000070bab75a8 0000027e9944d310
0x000000d0e55fd638:   000000d0e55fd5e0 000000d0e55fd6b0
0x000000d0e55fd648:   000000070cef7198 0000027e457e7134
0x000000d0e55fd658:   000000070b7fc220 000000070c4b11d0
0x000000d0e55fd668:   000000070b7fc248 000000070b78ec30
0x000000d0e55fd678:   000000070b7fc270 000000070c4b1320
0x000000d0e55fd688:   000000070b7fc298 000000070c4b11d0
0x000000d0e55fd698:   000000070c4b1320 000000070b78ec30
0x000000d0e55fd6a8:   000000070b7fc2c0 000000070bbc0b00
0x000000d0e55fd6b8:   0000027e993e88b8 0000000000000000
0x000000d0e55fd6c8:   000000d0e55fd6e0 000000070ca458c0
0x000000d0e55fd6d8:   000000070fc24dd0 000000070bbe49c0
0x000000d0e55fd6e8:   000000070bbe49c0 000000070b7fc2f0
0x000000d0e55fd6f8:   e1f849f0e1f84988 000000070ff7afe8
0x000000d0e55fd708:   000000d0e55fd708 0000027e993cda57
0x000000d0e55fd718:   0000000000000007 0000027e988a0390
0x000000d0e55fd728:   000000070b7fc2c0 000000070b78ec30
0x000000d0e55fd738:   000000070c4b12b0 000000070bf68a28 

Instructions: (pc=0x0000027e44a96624)
0x0000027e44a96524:   7e 02 00 00 80 65 a9 44 7e 02 00 00 00 76 a9 44
0x0000027e44a96534:   7e 02 00 00 70 65 a9 44 7e 02 00 00 70 65 a9 44
0x0000027e44a96544:   7e 02 00 00 00 00 00 00 00 00 00 00 f8 76 3a 48
0x0000027e44a96554:   fa 7f 00 00 f0 10 00 00 60 00 00 00 ff ff ff ff
0x0000027e44a96564:   f0 10 00 00 00 00 00 00 00 00 00 00 00 00 00 00
0x0000027e44a96574:   00 00 00 00 00 00 00 00 00 00 00 00 f4 66 66 66
0x0000027e44a96584:   0f 1f 84 00 00 00 00 00 66 66 0f 1f 84 00 00 00
0x0000027e44a96594:   00 00 66 66 0f 1f 84 00 00 00 00 00 48 8b 53 08
0x0000027e44a965a4:   0f b7 52 2e 48 8b 0c d4 8b 59 14 48 c1 e3 03 8b
0x0000027e44a965b4:   5b 28 48 c1 e3 03 8b 5b 24 48 c1 e3 03 48 8b 5b
0x0000027e44a965c4:   10 48 85 db 0f 84 10 00 00 00 41 80 bf d8 05 00
0x0000027e44a965d4:   00 00 74 03 ff 63 38 ff 63 50 e9 1d c0 fd ff 66
0x0000027e44a965e4:   66 66 0f 1f 84 00 00 00 00 00 66 0f 1f 84 00 00
0x0000027e44a965f4:   00 00 00 66 0f 1f 84 00 00 00 00 00 48 8b 53 08
0x0000027e44a96604:   0f b7 52 2e 48 8b 0c d4 58 5b 50 44 8b 51 08 49
0x0000027e44a96614:   bb 00 00 00 55 7e 02 00 00 4d 03 d3 4c 8b 5b 10
0x0000027e44a96624:   4b 8b 9c da c0 01 00 00 48 85 db 0f 84 10 00 00
0x0000027e44a96634:   00 41 80 bf d8 05 00 00 00 74 03 ff 63 38 ff 63
0x0000027e44a96644:   50 e9 b6 bf fd ff 66 66 66 0f 1f 84 00 00 00 00
0x0000027e44a96654:   00 66 66 66 0f 1f 84 00 00 00 00 00 58 5b 50 8b
0x0000027e44a96664:   5b 24 48 c1 e3 03 48 8b 5b 10 48 85 db 0f 84 10
0x0000027e44a96674:   00 00 00 41 80 bf d8 05 00 00 00 74 03 ff 63 38
0x0000027e44a96684:   ff 63 50 e9 74 bf fd ff 66 66 0f 1f 84 00 00 00
0x0000027e44a96694:   00 00 66 66 0f 1f 84 00 00 00 00 00 48 8b 53 08
0x0000027e44a966a4:   0f b7 52 2e 48 8b 0c d4 58 5b 50 48 3b 01 8b 5b
0x0000027e44a966b4:   24 48 c1 e3 03 48 8b 5b 10 48 85 db 0f 84 10 00
0x0000027e44a966c4:   00 00 41 80 bf d8 05 00 00 00 74 03 ff 63 38 ff
0x0000027e44a966d4:   63 50 e9 25 bf fd ff 0f 1f 44 00 00 48 8b 53 08
0x0000027e44a966e4:   0f b7 52 2e 48 8b 0c d4 58 5b 50 44 8b 51 08 49
0x0000027e44a966f4:   bb 00 00 00 55 7e 02 00 00 4d 03 d3 8b 43 18 48
0x0000027e44a96704:   c1 e0 03 48 8b 40 10 48 8b 5b 10 45 8b 9a a0 00
0x0000027e44a96714:   00 00 4f 8d 9c da c0 01 00 00 4d 8d 14 da 49 8b 


Stack slot to memory mapping:

stack at sp + 0 slots: 0x0000027e44a496b9 is at code_begin+4665 in an Interpreter codelet
return entry points  [0x0000027e44a48480, 0x0000027e44a4a590]  8464 bytes
stack at sp + 1 slots: 0x000000070c4b1320 is an oop: java.lang.String 
{0x000000070c4b1320} - klass: 'java/lang/String'
 - string: "12"
 - ---- fields (total size 3 words):
 - private 'hash' 'I' @12  0 (0x00000000)
 - private final 'coder' 'B' @16  0 (0x00)
 - private 'hashIsZero' 'Z' @17  false (0x00)
 - injected 'flags' 'B' @18  0 (0x00)
 - private final 'value' '[B' @20  [B{0x000000070c4b1338} (0xe1896267)
stack at sp + 2 slots: 0x000000070b78ec30 is an oop: com.davide.azienda.controller.PersonaController 
{0x000000070b78ec30} - klass: 'com/davide/azienda/controller/PersonaController'
 - ---- fields (total size 2 words):
 - private 'service' 'Lcom/davide/azienda/service/PersonaService;' @12  a 'com/davide/azienda/service/PersonaService'{0x000000070c4adb28} (0xe1895b65)
stack at sp + 3 slots: 0x000000d0e55fd560 is pointing into the stack for thread: 0x0000027ea35d4280
stack at sp + 4 slots: 0x0000027e97154276 is pointing into metadata
stack at sp + 5 slots: 0x0000000000000006 is an unknown value
stack at sp + 6 slots: 0x0000027e971543c8 is pointing into metadata
stack at sp + 7 slots: 0x0000027e97154690 is pointing into metadata

MethodHandle::interpreter_entry::_linkToVirtual [0x0000027e44a965e3, 0x0000027e44a9664a] (103 bytes)
[MachCode]
  0x0000027e44a965e3: 6666 660f | 1f84 0000 | 0000 0066 | 0f1f 8400 | 0000 0000 | 660f 1f84 | 0000 0000 | 0048 8b53 
  0x0000027e44a96603: 080f b752 | 2e48 8b0c | d458 5b50 | 448b 5108 | 49bb 0000 | 0055 7e02 | 0000 4d03 | d34c 8b5b 
  0x0000027e44a96623: 104b 8b9c | dac0 0100 | 0048 85db | 0f84 1000 | 0000 4180 | bfd8 0500 | 0000 7403 | ff63 38ff 
  0x0000027e44a96643: 6350 e9b6 | 
[/MachCode]

---------------  P R O C E S S  ---------------

Threads class SMR info:
_java_thread_list=0x0000027ea1693d70, length=34, elements={
0x0000027e54a0e1e0, 0x0000027e54a0f3b0, 0x0000027e54a10a40, 0x0000027e54a15ba0,
0x0000027e54a16d70, 0x0000027e54a28b70, 0x0000027e9a0090a0, 0x0000027e54a2d1f0,
0x0000027e9a1075e0, 0x0000027e9a1e62a0, 0x0000027e9a2df470, 0x0000027e9a2e4920,
0x0000027e9a107c70, 0x0000027e9bcf2110, 0x0000027ea35d2840, 0x0000027ea35d2ed0,
0x0000027ea35d4280, 0x0000027e9edc86c0, 0x0000027e9edc58d0, 0x0000027e9edc65f0,
0x0000027e9edc8d50, 0x0000027e9edc93e0, 0x0000027e9edc5f60, 0x0000027e9edc8030,
0x0000027e9edc9a70, 0x0000027e9edca100, 0x0000027e9edc6c80, 0x0000027e9edcbb40,
0x0000027e9edcb4b0, 0x0000027e9edcc860, 0x0000027e9edcc1d0, 0x0000027e9edcae20,
0x0000027ea35cfa50, 0x0000027ea35d3560
}

Java Threads: ( => current thread )
  0x0000027e54a0e1e0 JavaThread "Reference Handler"          daemon [_thread_blocked, id=14068, stack(0x000000d0e3700000,0x000000d0e3800000) (1024K)]
  0x0000027e54a0f3b0 JavaThread "Finalizer"                  daemon [_thread_blocked, id=21528, stack(0x000000d0e3800000,0x000000d0e3900000) (1024K)]
  0x0000027e54a10a40 JavaThread "Signal Dispatcher"          daemon [_thread_blocked, id=7000, stack(0x000000d0e3900000,0x000000d0e3a00000) (1024K)]
  0x0000027e54a15ba0 JavaThread "Attach Listener"            daemon [_thread_blocked, id=2244, stack(0x000000d0e3a00000,0x000000d0e3b00000) (1024K)]
  0x0000027e54a16d70 JavaThread "Service Thread"             daemon [_thread_blocked, id=29124, stack(0x000000d0e3b00000,0x000000d0e3c00000) (1024K)]
  0x0000027e54a28b70 JavaThread "Monitor Deflation Thread"   daemon [_thread_blocked, id=18100, stack(0x000000d0e3c00000,0x000000d0e3d00000) (1024K)]
  0x0000027e9a0090a0 JavaThread "C2 CompilerThread0"         daemon [_thread_blocked, id=12048, stack(0x000000d0e3d00000,0x000000d0e3e00000) (1024K)]
  0x0000027e54a2d1f0 JavaThread "C1 CompilerThread0"         daemon [_thread_blocked, id=7652, stack(0x000000d0e3e00000,0x000000d0e3f00000) (1024K)]
  0x0000027e9a1075e0 JavaThread "Common-Cleaner"             daemon [_thread_blocked, id=18044, stack(0x000000d0e3f00000,0x000000d0e4000000) (1024K)]
  0x0000027e9a1e62a0 JavaThread "JDWP Transport Listener: dt_socket" daemon [_thread_blocked, id=25696, stack(0x000000d0e4200000,0x000000d0e4300000) (1024K)]
  0x0000027e9a2df470 JavaThread "JDWP Event Helper Thread"   daemon [_thread_blocked, id=19168, stack(0x000000d0e4300000,0x000000d0e4400000) (1024K)]
  0x0000027e9a2e4920 JavaThread "JDWP Command Reader"        daemon [_thread_in_native, id=34760, stack(0x000000d0e4400000,0x000000d0e4500000) (1024K)]
  0x0000027e9a107c70 JavaThread "Notification Thread"        daemon [_thread_blocked, id=22728, stack(0x000000d0e4700000,0x000000d0e4800000) (1024K)]
  0x0000027e9bcf2110 JavaThread "mysql-cj-abandoned-connection-cleanup" daemon [_thread_blocked, id=34708, stack(0x000000d0e6900000,0x000000d0e6a00000) (1024K)]
  0x0000027ea35d2840 JavaThread "Live Reload Server"         daemon [_thread_in_native, id=13520, stack(0x000000d0e7000000,0x000000d0e7100000) (1024K)]
  0x0000027ea35d2ed0 JavaThread "DestroyJavaVM"                     [_thread_blocked, id=24748, stack(0x000000d0e2f00000,0x000000d0e3000000) (1024K)]
=>0x0000027ea35d4280 JavaThread "http-nio-8080-exec-7"       daemon [_thread_in_Java, id=11300, stack(0x000000d0e5500000,0x000000d0e5600000) (1024K)]
  0x0000027e9edc86c0 JavaThread "Catalina-utility-1"                [_thread_blocked, id=29680, stack(0x000000d0e2e00000,0x000000d0e2f00000) (1024K)]
  0x0000027e9edc58d0 JavaThread "http-nio-8080-exec-1"       daemon [_thread_blocked, id=19944, stack(0x000000d0e4100000,0x000000d0e4200000) (1024K)]
  0x0000027e9edc65f0 JavaThread "http-nio-8080-exec-2"       daemon [_thread_blocked, id=13324, stack(0x000000d0e4500000,0x000000d0e4600000) (1024K)]
  0x0000027e9edc8d50 JavaThread "http-nio-8080-exec-3"       daemon [_thread_blocked, id=28224, stack(0x000000d0e4600000,0x000000d0e4700000) (1024K)]
  0x0000027e9edc93e0 JavaThread "Catalina-utility-2"                [_thread_blocked, id=28116, stack(0x000000d0e4f00000,0x000000d0e5000000) (1024K)]
  0x0000027e9edc5f60 JavaThread "http-nio-8080-exec-4"       daemon [_thread_blocked, id=18104, stack(0x000000d0e5000000,0x000000d0e5100000) (1024K)]
  0x0000027e9edc8030 JavaThread "http-nio-8080-exec-5"       daemon [_thread_blocked, id=8900, stack(0x000000d0e5400000,0x000000d0e5500000) (1024K)]
  0x0000027e9edc9a70 JavaThread "http-nio-8080-exec-6"       daemon [_thread_blocked, id=27628, stack(0x000000d0e5600000,0x000000d0e5700000) (1024K)]
  0x0000027e9edca100 JavaThread "http-nio-8080-exec-7"       daemon [_thread_blocked, id=28900, stack(0x000000d0e5b00000,0x000000d0e5c00000) (1024K)]
  0x0000027e9edc6c80 JavaThread "http-nio-8080-exec-8"       daemon [_thread_blocked, id=24276, stack(0x000000d0e5c00000,0x000000d0e5d00000) (1024K)]
  0x0000027e9edcbb40 JavaThread "http-nio-8080-exec-9"       daemon [_thread_blocked, id=29640, stack(0x000000d0e5d00000,0x000000d0e5e00000) (1024K)]
  0x0000027e9edcb4b0 JavaThread "http-nio-8080-exec-10"      daemon [_thread_blocked, id=15140, stack(0x000000d0e5e00000,0x000000d0e5f00000) (1024K)]
  0x0000027e9edcc860 JavaThread "container-0"                       [_thread_blocked, id=18492, stack(0x000000d0e5f00000,0x000000d0e6000000) (1024K)]
  0x0000027e9edcc1d0 JavaThread "HikariPool-17 housekeeper"  daemon [_thread_blocked, id=6544, stack(0x000000d0e6000000,0x000000d0e6100000) (1024K)]
  0x0000027e9edcae20 JavaThread "File Watcher"               daemon [_thread_blocked, id=31680, stack(0x000000d0e6300000,0x000000d0e6400000) (1024K)]
  0x0000027ea35cfa50 JavaThread "http-nio-8080-Poller"       daemon [_thread_in_native, id=11716, stack(0x000000d0e6400000,0x000000d0e6500000) (1024K)]
  0x0000027ea35d3560 JavaThread "http-nio-8080-Acceptor"     daemon [_thread_in_native, id=17004, stack(0x000000d0e6500000,0x000000d0e6600000) (1024K)]
Total: 34

Other Threads:
  0x0000027e37858570 VMThread "VM Thread"                           [id=1628, stack(0x000000d0e3600000,0x000000d0e3700000) (1024K)]
  0x0000027e549e06d0 WatcherThread "VM Periodic Task Thread"        [id=12384, stack(0x000000d0e3500000,0x000000d0e3600000) (1024K)]
  0x0000027e378576f0 WorkerThread "GC Thread#0"                     [id=33340, stack(0x000000d0e3000000,0x000000d0e3100000) (1024K)]
  0x0000027e37857350 WorkerThread "GC Thread#1"                     [id=27340, stack(0x000000d0e4800000,0x000000d0e4900000) (1024K)]
  0x0000027e9a9ffe70 WorkerThread "GC Thread#2"                     [id=10956, stack(0x000000d0e4900000,0x000000d0e4a00000) (1024K)]
  0x0000027e9aa01430 WorkerThread "GC Thread#3"                     [id=11784, stack(0x000000d0e4a00000,0x000000d0e4b00000) (1024K)]
  0x0000027e9aa005b0 WorkerThread "GC Thread#4"                     [id=26780, stack(0x000000d0e4b00000,0x000000d0e4c00000) (1024K)]
  0x0000027e9aa00950 WorkerThread "GC Thread#5"                     [id=21760, stack(0x000000d0e4c00000,0x000000d0e4d00000) (1024K)]
  0x0000027e9aa017d0 WorkerThread "GC Thread#6"                     [id=24492, stack(0x000000d0e4d00000,0x000000d0e4e00000) (1024K)]
  0x0000027e9aa01b70 WorkerThread "GC Thread#7"                     [id=24056, stack(0x000000d0e4e00000,0x000000d0e4f00000) (1024K)]
  0x0000027e9aa00210 WorkerThread "GC Thread#8"                     [id=13200, stack(0x000000d0e5100000,0x000000d0e5200000) (1024K)]
  0x0000027e9aa02d90 WorkerThread "GC Thread#9"                     [id=31692, stack(0x000000d0e5200000,0x000000d0e5300000) (1024K)]
  0x0000027e9aa034d0 WorkerThread "GC Thread#10"                    [id=23612, stack(0x000000d0e5300000,0x000000d0e5400000) (1024K)]
  0x0000027e9aa00cf0 WorkerThread "GC Thread#11"                    [id=15636, stack(0x000000d0e5700000,0x000000d0e5800000) (1024K)]
  0x0000027e9aa02650 WorkerThread "GC Thread#12"                    [id=25564, stack(0x000000d0e5800000,0x000000d0e5900000) (1024K)]
  0x0000027e39b63380 ConcurrentGCThread "G1 Main Marker"            [id=14232, stack(0x000000d0e3100000,0x000000d0e3200000) (1024K)]
  0x0000027e378581d0 WorkerThread "G1 Conc#0"                       [id=29768, stack(0x000000d0e3200000,0x000000d0e3300000) (1024K)]
  0x0000027e9aa01090 WorkerThread "G1 Conc#1"                       [id=16452, stack(0x000000d0e5900000,0x000000d0e5a00000) (1024K)]
  0x0000027e9a9ffad0 WorkerThread "G1 Conc#2"                       [id=10036, stack(0x000000d0e5a00000,0x000000d0e5b00000) (1024K)]
  0x0000027e548a8c50 ConcurrentGCThread "G1 Refine#0"               [id=28040, stack(0x000000d0e3300000,0x000000d0e3400000) (1024K)]
  0x0000027e548ad0a0 ConcurrentGCThread "G1 Service"                [id=33660, stack(0x000000d0e3400000,0x000000d0e3500000) (1024K)]
Total: 21

Threads with active compile tasks:
Total: 0

VM state: not at safepoint (normal execution)

VM Mutex/Monitor currently owned by a thread: None

Heap address: 0x000000070a600000, size: 3930 MB, Compressed Oops mode: Zero based, Oop shift amount: 3

CDS archive(s) mapped at: [0x0000027e55000000-0x0000027e55c80000-0x0000027e55c80000), size 13107200, SharedBaseAddress: 0x0000027e55000000, ArchiveRelocationMode: 1.
Compressed class space mapped at: 0x0000027e56000000-0x0000027e96000000, reserved size: 1073741824
Narrow klass base: 0x0000027e55000000, Narrow klass shift: 0, Narrow klass range: 0x100000000

GC Precious Log:
 CardTable entry size: 512
 Card Set container configuration: InlinePtr #cards 4 size 8 Array Of Cards #cards 16 size 48 Howl #buckets 8 coarsen threshold 3686 Howl Bitmap #cards 512 size 80 coarsen threshold 460 Card regions per heap region 1 cards per card region 4096
 CPUs: 16 total, 16 available
 Memory: 15713M
 Large Page Support: Disabled
 NUMA Support: Disabled
 Compressed Oops: Enabled (Zero based)
 Heap Region Size: 2M
 Heap Min Capacity: 8M
 Heap Initial Capacity: 246M
 Heap Max Capacity: 3930M
 Pre-touch: Disabled
 Parallel Workers: 13
 Concurrent Workers: 3
 Concurrent Refinement Workers: 13
 Periodic GC: Disabled

Heap:
 garbage-first heap   total 96256K, used 45660K [0x000000070a600000, 0x0000000800000000)
  region size 2048K, 9 young (18432K), 3 survivors (6144K)
 Metaspace       used 76891K, committed 77760K, reserved 1179648K
  class space    used 9387K, committed 9792K, reserved 1048576K

Heap Regions: E=young(eden), S=young(survivor), O=old, HS=humongous(starts), HC=humongous(continues), CS=collection set, F=free, TAMS=top-at-mark-start, PB=parsable bottom
|   0|0x000000070a600000, 0x000000070a800000, 0x000000070a800000|100%| O|  |TAMS 0x000000070a600000| PB 0x000000070a600000| Untracked 
|   1|0x000000070a800000, 0x000000070a9fffc8, 0x000000070aa00000| 99%| O|  |TAMS 0x000000070a800000| PB 0x000000070a800000| Untracked 
|   2|0x000000070aa00000, 0x000000070ac00000, 0x000000070ac00000|100%| O|  |TAMS 0x000000070aa00000| PB 0x000000070aa00000| Untracked 
|   3|0x000000070ac00000, 0x000000070adfffd0, 0x000000070ae00000| 99%| O|  |TAMS 0x000000070ac00000| PB 0x000000070ac00000| Untracked 
|   4|0x000000070ae00000, 0x000000070b000000, 0x000000070b000000|100%| O|  |TAMS 0x000000070ae00000| PB 0x000000070ae00000| Untracked 
|   5|0x000000070b000000, 0x000000070b200000, 0x000000070b200000|100%| O|  |TAMS 0x000000070b000000| PB 0x000000070b000000| Untracked 
|   6|0x000000070b200000, 0x000000070b3ffff8, 0x000000070b400000| 99%| O|  |TAMS 0x000000070b200000| PB 0x000000070b200000| Untracked 
|   7|0x000000070b400000, 0x000000070b5fffe8, 0x000000070b600000| 99%| O|  |TAMS 0x000000070b400000| PB 0x000000070b400000| Untracked 
|   8|0x000000070b600000, 0x000000070b7fffd8, 0x000000070b800000| 99%| O|  |TAMS 0x000000070b600000| PB 0x000000070b600000| Untracked 
|   9|0x000000070b800000, 0x000000070b9ffff8, 0x000000070ba00000| 99%| O|  |TAMS 0x000000070b800000| PB 0x000000070b800000| Untracked 
|  10|0x000000070ba00000, 0x000000070bbfffe8, 0x000000070bc00000| 99%| O|  |TAMS 0x000000070ba00000| PB 0x000000070ba00000| Untracked 
|  11|0x000000070bc00000, 0x000000070bdffff0, 0x000000070be00000| 99%| O|  |TAMS 0x000000070bc00000| PB 0x000000070bc00000| Untracked 
|  12|0x000000070be00000, 0x000000070bfff250, 0x000000070c000000| 99%| O|  |TAMS 0x000000070be00000| PB 0x000000070be00000| Untracked 
|  13|0x000000070c000000, 0x000000070c200000, 0x000000070c200000|100%| O|  |TAMS 0x000000070c000000| PB 0x000000070c000000| Untracked 
|  14|0x000000070c200000, 0x000000070c20a240, 0x000000070c400000|  1%| O|  |TAMS 0x000000070c200000| PB 0x000000070c200000| Untracked 
|  15|0x000000070c400000, 0x000000070c4bf170, 0x000000070c600000| 37%| O|  |TAMS 0x000000070c400000| PB 0x000000070c400000| Untracked 
|  16|0x000000070c600000, 0x000000070c72bf70, 0x000000070c800000| 58%| O|  |TAMS 0x000000070c600000| PB 0x000000070c600000| Untracked 
|  17|0x000000070c800000, 0x000000070c859538, 0x000000070ca00000| 17%| O|  |TAMS 0x000000070c800000| PB 0x000000070c800000| Untracked 
|  18|0x000000070ca00000, 0x000000070ca00000, 0x000000070cc00000|  0%| F|  |TAMS 0x000000070ca00000| PB 0x000000070ca00000| Untracked 
|  19|0x000000070cc00000, 0x000000070cc00000, 0x000000070ce00000|  0%| F|  |TAMS 0x000000070cc00000| PB 0x000000070cc00000| Untracked 
|  20|0x000000070ce00000, 0x000000070ce00000, 0x000000070d000000|  0%| F|  |TAMS 0x000000070ce00000| PB 0x000000070ce00000| Untracked 
|  21|0x000000070d000000, 0x000000070d0498a0, 0x000000070d200000| 14%| S|CS|TAMS 0x000000070d000000| PB 0x000000070d000000| Complete 
|  22|0x000000070d200000, 0x000000070d400000, 0x000000070d400000|100%| S|CS|TAMS 0x000000070d200000| PB 0x000000070d200000| Complete 
|  23|0x000000070d400000, 0x000000070d600000, 0x000000070d600000|100%| S|CS|TAMS 0x000000070d400000| PB 0x000000070d400000| Complete 
|  24|0x000000070d600000, 0x000000070d600000, 0x000000070d800000|  0%| F|  |TAMS 0x000000070d600000| PB 0x000000070d600000| Untracked 
|  25|0x000000070d800000, 0x000000070d800000, 0x000000070da00000|  0%| F|  |TAMS 0x000000070d800000| PB 0x000000070d800000| Untracked 
|  26|0x000000070da00000, 0x000000070da00000, 0x000000070dc00000|  0%| F|  |TAMS 0x000000070da00000| PB 0x000000070da00000| Untracked 
|  27|0x000000070dc00000, 0x000000070dc00000, 0x000000070de00000|  0%| F|  |TAMS 0x000000070dc00000| PB 0x000000070dc00000| Untracked 
|  28|0x000000070de00000, 0x000000070de00000, 0x000000070e000000|  0%| F|  |TAMS 0x000000070de00000| PB 0x000000070de00000| Untracked 
|  29|0x000000070e000000, 0x000000070e000000, 0x000000070e200000|  0%| F|  |TAMS 0x000000070e000000| PB 0x000000070e000000| Untracked 
|  30|0x000000070e200000, 0x000000070e200000, 0x000000070e400000|  0%| F|  |TAMS 0x000000070e200000| PB 0x000000070e200000| Untracked 
|  31|0x000000070e400000, 0x000000070e400000, 0x000000070e600000|  0%| F|  |TAMS 0x000000070e400000| PB 0x000000070e400000| Untracked 
|  32|0x000000070e600000, 0x000000070e600000, 0x000000070e800000|  0%| F|  |TAMS 0x000000070e600000| PB 0x000000070e600000| Untracked 
|  33|0x000000070e800000, 0x000000070e800000, 0x000000070ea00000|  0%| F|  |TAMS 0x000000070e800000| PB 0x000000070e800000| Untracked 
|  34|0x000000070ea00000, 0x000000070ea00000, 0x000000070ec00000|  0%| F|  |TAMS 0x000000070ea00000| PB 0x000000070ea00000| Untracked 
|  35|0x000000070ec00000, 0x000000070ec00000, 0x000000070ee00000|  0%| F|  |TAMS 0x000000070ec00000| PB 0x000000070ec00000| Untracked 
|  36|0x000000070ee00000, 0x000000070ee00000, 0x000000070f000000|  0%| F|  |TAMS 0x000000070ee00000| PB 0x000000070ee00000| Untracked 
|  37|0x000000070f000000, 0x000000070f000000, 0x000000070f200000|  0%| F|  |TAMS 0x000000070f000000| PB 0x000000070f000000| Untracked 
|  38|0x000000070f200000, 0x000000070f200000, 0x000000070f400000|  0%| F|  |TAMS 0x000000070f200000| PB 0x000000070f200000| Untracked 
|  39|0x000000070f400000, 0x000000070f400000, 0x000000070f600000|  0%| F|  |TAMS 0x000000070f400000| PB 0x000000070f400000| Untracked 
|  40|0x000000070f600000, 0x000000070f600000, 0x000000070f800000|  0%| F|  |TAMS 0x000000070f600000| PB 0x000000070f600000| Untracked 
|  41|0x000000070f800000, 0x000000070f900b10, 0x000000070fa00000| 50%| E|  |TAMS 0x000000070f800000| PB 0x000000070f800000| Complete 
|  42|0x000000070fa00000, 0x000000070fc00000, 0x000000070fc00000|100%| E|CS|TAMS 0x000000070fa00000| PB 0x000000070fa00000| Complete 
|  43|0x000000070fc00000, 0x000000070fe00000, 0x000000070fe00000|100%| E|CS|TAMS 0x000000070fc00000| PB 0x000000070fc00000| Complete 
|  44|0x000000070fe00000, 0x0000000710000000, 0x0000000710000000|100%| E|CS|TAMS 0x000000070fe00000| PB 0x000000070fe00000| Complete 
|  45|0x0000000710000000, 0x0000000710200000, 0x0000000710200000|100%| E|CS|TAMS 0x0000000710000000| PB 0x0000000710000000| Complete 
| 122|0x0000000719a00000, 0x0000000719c00000, 0x0000000719c00000|100%| E|CS|TAMS 0x0000000719a00000| PB 0x0000000719a00000| Complete 

Card table byte_map: [0x0000027e4d630000,0x0000027e4dde0000] _byte_map_base: 0x0000027e49ddd000

Marking Bits: (CMBitMap*) 0x0000027e39b52050
 Bits: [0x0000027e4dde0000, 0x0000027e51b48000)

Polling page: 0x0000027e37a40000

Metaspace:

Usage:
  Non-class:     65.92 MB used.
      Class:      9.17 MB used.
       Both:     75.09 MB used.

Virtual space:
  Non-class space:      128.00 MB reserved,      66.38 MB ( 52%) committed,  2 nodes.
      Class space:        1.00 GB reserved,       9.56 MB ( <1%) committed,  1 nodes.
             Both:        1.12 GB reserved,      75.94 MB (  7%) committed. 

Chunk freelists:
   Non-Class:  13.44 MB
       Class:  6.48 MB
        Both:  19.92 MB

MaxMetaspaceSize: unlimited
CompressedClassSpaceSize: 1.00 GB
Initial GC threshold: 21.00 MB
Current GC threshold: 126.25 MB
CDS: on
 - commit_granule_bytes: 65536.
 - commit_granule_words: 8192.
 - virtual_space_node_default_size: 8388608.
 - enlarge_chunks_in_place: 1.
 - use_allocation_guard: 0.


Internal statistics:

num_allocs_failed_limit: 9.
num_arena_births: 1090.
num_arena_deaths: 26.
num_vsnodes_births: 3.
num_vsnodes_deaths: 0.
num_space_committed: 1215.
num_space_uncommitted: 0.
num_chunks_returned_to_freelist: 35.
num_chunks_taken_from_freelist: 4053.
num_chunk_merges: 3.
num_chunk_splits: 2803.
num_chunks_enlarged: 2102.
num_inconsistent_stats: 0.

CodeHeap 'non-profiled nmethods': size=119168Kb used=9747Kb max_used=9747Kb free=109420Kb
 bounds [0x0000027e45190000, 0x0000027e45b20000, 0x0000027e4c5f0000]
CodeHeap 'profiled nmethods': size=119104Kb used=17573Kb max_used=17573Kb free=101530Kb
 bounds [0x0000027e3d5f0000, 0x0000027e3e730000, 0x0000027e44a40000]
CodeHeap 'non-nmethods': size=7488Kb used=1767Kb max_used=3520Kb free=5720Kb
 bounds [0x0000027e44a40000, 0x0000027e44dc0000, 0x0000027e45190000]
 total_blobs=9349 nmethods=8620 adapters=632
 compilation: enabled
              stopped_count=0, restarted_count=0
 full_count=0

Compilation events (20 events):
Event: 3453.319 Thread 0x0000027e54a2d1f0 nmethod 13764 0x0000027e3e13e710 code [0x0000027e3e13e920, 0x0000027e3e13f0d8]
Event: 3453.321 Thread 0x0000027e54a2d1f0 13765       3       org.apache.commons.logging.LogAdapter$Slf4jLocationAwareLog::info (47 bytes)
Event: 3453.322 Thread 0x0000027e9a0090a0 13766       4       org.springframework.core.ResolvableType::isAssignableFrom (8 bytes)
Event: 3453.322 Thread 0x0000027e54a2d1f0 nmethod 13765 0x0000027e3e71c810 code [0x0000027e3e71ca40, 0x0000027e3e71d208]
Event: 3453.322 Thread 0x0000027e9a0090a0 nmethod 13766 0x0000027e45b13590 code [0x0000027e45b13720, 0x0000027e45b137e0]
Event: 3453.323 Thread 0x0000027e9b986fd0 nmethod 13763 0x0000027e45b13890 code [0x0000027e45b13ac0, 0x0000027e45b14118]
Event: 3453.323 Thread 0x0000027e54a2d1f0 13767       3       org.springframework.boot.devtools.autoconfigure.LocalDevToolsAutoConfiguration$LiveReloadServerEventListener::supportsEventType (35 bytes)
Event: 3453.323 Thread 0x0000027e54a2d1f0 nmethod 13767 0x0000027e3e71d490 code [0x0000027e3e71d660, 0x0000027e3e71d990]
Event: 3453.367 Thread 0x0000027e54a2d1f0 13768       3       sun.nio.ch.Net::localAddress (16 bytes)
Event: 3453.367 Thread 0x0000027e54a2d1f0 nmethod 13768 0x0000027e3e71da90 code [0x0000027e3e71dc60, 0x0000027e3e71de70]
Event: 3453.415 Thread 0x0000027e9a0090a0 13769   !   4       java.nio.charset.Charset::defaultCharset (52 bytes)
Event: 3453.416 Thread 0x0000027e9a0090a0 nmethod 13769 0x0000027e45b14690 code [0x0000027e45b14820, 0x0000027e45b14890]
Event: 3453.461 Thread 0x0000027e54a2d1f0 13770   !   3       java.security.Provider$Service::newInstance (354 bytes)
Event: 3453.463 Thread 0x0000027e54a2d1f0 nmethod 13770 0x0000027e3e71df90 code [0x0000027e3e71e640, 0x0000027e3e721370]
Event: 3453.463 Thread 0x0000027e54a2d1f0 13771   !   3       java.security.Provider$Service::newInstanceUtil (60 bytes)
Event: 3453.464 Thread 0x0000027e54a2d1f0 nmethod 13771 0x0000027e3e722d10 code [0x0000027e3e723000, 0x0000027e3e723d88]
Event: 3453.555 Thread 0x0000027e9a0090a0 13772       4       java.util.Arrays::fill (21 bytes)
Event: 3453.560 Thread 0x0000027e54a2d1f0 13773       3       com.mysql.cj.protocol.a.ResultsetFactory::<init> (29 bytes)
Event: 3453.560 Thread 0x0000027e9a0090a0 nmethod 13772 0x0000027e45b14990 code [0x0000027e45b14b20, 0x0000027e45b14c78]
Event: 3453.560 Thread 0x0000027e54a2d1f0 nmethod 13773 0x0000027e3e724390 code [0x0000027e3e724540, 0x0000027e3e724858]

GC Heap History (20 events):
Event: 2863.699 GC heap before
{Heap before GC invocations=40 (full 11):
 garbage-first heap   total 96256K, used 43223K [0x000000070a600000, 0x0000000800000000)
  region size 2048K, 9 young (18432K), 3 survivors (6144K)
 Metaspace       used 75139K, committed 75968K, reserved 1179648K
  class space    used 9303K, committed 9664K, reserved 1048576K
}
Event: 2863.767 GC heap after
{Heap after GC invocations=41 (full 12):
 garbage-first heap   total 96256K, used 26775K [0x000000070a600000, 0x0000000800000000)
  region size 2048K, 0 young (0K), 0 survivors (0K)
 Metaspace       used 75136K, committed 75968K, reserved 1179648K
  class space    used 9303K, committed 9664K, reserved 1048576K
}
Event: 2864.486 GC heap before
{Heap before GC invocations=41 (full 12):
 garbage-first heap   total 96256K, used 80023K [0x000000070a600000, 0x0000000800000000)
  region size 2048K, 26 young (53248K), 0 survivors (0K)
 Metaspace       used 75468K, committed 76352K, reserved 1179648K
  class space    used 9318K, committed 9664K, reserved 1048576K
}
Event: 2864.491 GC heap after
{Heap after GC invocations=42 (full 12):
 garbage-first heap   total 96256K, used 31819K [0x000000070a600000, 0x0000000800000000)
  region size 2048K, 3 young (6144K), 3 survivors (6144K)
 Metaspace       used 75468K, committed 76352K, reserved 1179648K
  class space    used 9318K, committed 9664K, reserved 1048576K
}
Event: 2874.193 GC heap before
{Heap before GC invocations=42 (full 12):
 garbage-first heap   total 96256K, used 35915K [0x000000070a600000, 0x0000000800000000)
  region size 2048K, 6 young (12288K), 3 survivors (6144K)
 Metaspace       used 75553K, committed 76480K, reserved 1179648K
  class space    used 9329K, committed 9728K, reserved 1048576K
}
Event: 2874.253 GC heap after
{Heap after GC invocations=43 (full 13):
 garbage-first heap   total 96256K, used 26941K [0x000000070a600000, 0x0000000800000000)
  region size 2048K, 0 young (0K), 0 survivors (0K)
 Metaspace       used 75551K, committed 76480K, reserved 1179648K
  class space    used 9328K, committed 9728K, reserved 1048576K
}
Event: 2874.894 GC heap before
{Heap before GC invocations=43 (full 13):
 garbage-first heap   total 96256K, used 78141K [0x000000070a600000, 0x0000000800000000)
  region size 2048K, 26 young (53248K), 0 survivors (0K)
 Metaspace       used 75815K, committed 76672K, reserved 1179648K
  class space    used 9342K, committed 9728K, reserved 1048576K
}
Event: 2874.897 GC heap after
{Heap after GC invocations=44 (full 13):
 garbage-first heap   total 96256K, used 31926K [0x000000070a600000, 0x0000000800000000)
  region size 2048K, 3 young (6144K), 3 survivors (6144K)
 Metaspace       used 75815K, committed 76672K, reserved 1179648K
  class space    used 9342K, committed 9728K, reserved 1048576K
}
Event: 2916.435 GC heap before
{Heap before GC invocations=44 (full 13):
 garbage-first heap   total 96256K, used 36022K [0x000000070a600000, 0x0000000800000000)
  region size 2048K, 6 young (12288K), 3 survivors (6144K)
 Metaspace       used 75894K, committed 76800K, reserved 1179648K
  class space    used 9344K, committed 9728K, reserved 1048576K
}
Event: 2916.492 GC heap after
{Heap after GC invocations=45 (full 14):
 garbage-first heap   total 96256K, used 27108K [0x000000070a600000, 0x0000000800000000)
  region size 2048K, 0 young (0K), 0 survivors (0K)
 Metaspace       used 75891K, committed 76800K, reserved 1179648K
  class space    used 9343K, committed 9728K, reserved 1048576K
}
Event: 2917.177 GC heap before
{Heap before GC invocations=45 (full 14):
 garbage-first heap   total 96256K, used 78308K [0x000000070a600000, 0x0000000800000000)
  region size 2048K, 26 young (53248K), 0 survivors (0K)
 Metaspace       used 76154K, committed 76992K, reserved 1179648K
  class space    used 9357K, committed 9728K, reserved 1048576K
}
Event: 2917.181 GC heap after
{Heap after GC invocations=46 (full 14):
 garbage-first heap   total 96256K, used 32181K [0x000000070a600000, 0x0000000800000000)
  region size 2048K, 3 young (6144K), 3 survivors (6144K)
 Metaspace       used 76154K, committed 76992K, reserved 1179648K
  class space    used 9357K, committed 9728K, reserved 1048576K
}
Event: 3310.943 GC heap before
{Heap before GC invocations=46 (full 14):
 garbage-first heap   total 96256K, used 48565K [0x000000070a600000, 0x0000000800000000)
  region size 2048K, 12 young (24576K), 3 survivors (6144K)
 Metaspace       used 76312K, committed 77248K, reserved 1179648K
  class space    used 9358K, committed 9728K, reserved 1048576K
}
Event: 3311.009 GC heap after
{Heap after GC invocations=47 (full 15):
 garbage-first heap   total 96256K, used 29058K [0x000000070a600000, 0x0000000800000000)
  region size 2048K, 0 young (0K), 0 survivors (0K)
 Metaspace       used 76309K, committed 77248K, reserved 1179648K
  class space    used 9358K, committed 9728K, reserved 1048576K
}
Event: 3311.639 GC heap before
{Heap before GC invocations=47 (full 15):
 garbage-first heap   total 96256K, used 80258K [0x000000070a600000, 0x0000000800000000)
  region size 2048K, 25 young (51200K), 0 survivors (0K)
 Metaspace       used 76592K, committed 77504K, reserved 1179648K
  class space    used 9372K, committed 9728K, reserved 1048576K
}
Event: 3311.644 GC heap after
{Heap after GC invocations=48 (full 15):
 garbage-first heap   total 96256K, used 33987K [0x000000070a600000, 0x0000000800000000)
  region size 2048K, 3 young (6144K), 3 survivors (6144K)
 Metaspace       used 76592K, committed 77504K, reserved 1179648K
  class space    used 9372K, committed 9728K, reserved 1048576K
}
Event: 3452.611 GC heap before
{Heap before GC invocations=48 (full 15):
 garbage-first heap   total 96256K, used 42179K [0x000000070a600000, 0x0000000800000000)
  region size 2048K, 8 young (16384K), 3 survivors (6144K)
 Metaspace       used 76651K, committed 77568K, reserved 1179648K
  class space    used 9373K, committed 9792K, reserved 1048576K
}
Event: 3452.679 GC heap after
{Heap after GC invocations=49 (full 16):
 garbage-first heap   total 96256K, used 31030K [0x000000070a600000, 0x0000000800000000)
  region size 2048K, 0 young (0K), 0 survivors (0K)
 Metaspace       used 76651K, committed 77568K, reserved 1179648K
  class space    used 9373K, committed 9792K, reserved 1048576K
}
Event: 3453.272 GC heap before
{Heap before GC invocations=49 (full 16):
 garbage-first heap   total 96256K, used 76086K [0x000000070a600000, 0x0000000800000000)
  region size 2048K, 23 young (47104K), 0 survivors (0K)
 Metaspace       used 76859K, committed 77760K, reserved 1179648K
  class space    used 9386K, committed 9792K, reserved 1048576K
}
Event: 3453.276 GC heap after
{Heap after GC invocations=50 (full 16):
 garbage-first heap   total 96256K, used 35420K [0x000000070a600000, 0x0000000800000000)
  region size 2048K, 3 young (6144K), 3 survivors (6144K)
 Metaspace       used 76859K, committed 77760K, reserved 1179648K
  class space    used 9386K, committed 9792K, reserved 1048576K
}

Dll operation events (12 events):
Event: 0.014 Loaded shared library C:\Users\david\Downloads\eclipse-jee-2024-12-R-win32-x86_64\eclipse\plugins\org.eclipse.justj.openjdk.hotspot.jre.full.win32.x86_64_21.0.5.v20241023-1957\jre\bin\java.dll
Event: 0.049 Loaded shared library C:\Users\david\Downloads\eclipse-jee-2024-12-R-win32-x86_64\eclipse\plugins\org.eclipse.justj.openjdk.hotspot.jre.full.win32.x86_64_21.0.5.v20241023-1957\jre\bin\zip.dll
Event: 0.311 Loaded shared library C:\Users\david\Downloads\eclipse-jee-2024-12-R-win32-x86_64\eclipse\plugins\org.eclipse.justj.openjdk.hotspot.jre.full.win32.x86_64_21.0.5.v20241023-1957\jre\bin\instrument.dll
Event: 0.320 Loaded shared library C:\Users\david\Downloads\eclipse-jee-2024-12-R-win32-x86_64\eclipse\plugins\org.eclipse.justj.openjdk.hotspot.jre.full.win32.x86_64_21.0.5.v20241023-1957\jre\bin\net.dll
Event: 0.321 Loaded shared library C:\Users\david\Downloads\eclipse-jee-2024-12-R-win32-x86_64\eclipse\plugins\org.eclipse.justj.openjdk.hotspot.jre.full.win32.x86_64_21.0.5.v20241023-1957\jre\bin\nio.dll
Event: 0.326 Loaded shared library C:\Users\david\Downloads\eclipse-jee-2024-12-R-win32-x86_64\eclipse\plugins\org.eclipse.justj.openjdk.hotspot.jre.full.win32.x86_64_21.0.5.v20241023-1957\jre\bin\zip.dll
Event: 0.556 Loaded shared library C:\Users\david\Downloads\eclipse-jee-2024-12-R-win32-x86_64\eclipse\plugins\org.eclipse.justj.openjdk.hotspot.jre.full.win32.x86_64_21.0.5.v20241023-1957\jre\bin\jimage.dll
Event: 0.631 Loaded shared library C:\Users\david\Downloads\eclipse-jee-2024-12-R-win32-x86_64\eclipse\plugins\org.eclipse.justj.openjdk.hotspot.jre.full.win32.x86_64_21.0.5.v20241023-1957\jre\bin\verify.dll
Event: 1.175 Loaded shared library C:\Users\david\Downloads\eclipse-jee-2024-12-R-win32-x86_64\eclipse\plugins\org.eclipse.justj.openjdk.hotspot.jre.full.win32.x86_64_21.0.5.v20241023-1957\jre\bin\management.dll
Event: 1.179 Loaded shared library C:\Users\david\Downloads\eclipse-jee-2024-12-R-win32-x86_64\eclipse\plugins\org.eclipse.justj.openjdk.hotspot.jre.full.win32.x86_64_21.0.5.v20241023-1957\jre\bin\management_ext.dll
Event: 2.631 Loaded shared library C:\Users\david\Downloads\eclipse-jee-2024-12-R-win32-x86_64\eclipse\plugins\org.eclipse.justj.openjdk.hotspot.jre.full.win32.x86_64_21.0.5.v20241023-1957\jre\bin\sunmscapi.dll
Event: 6.391 Loaded shared library C:\Users\david\Downloads\eclipse-jee-2024-12-R-win32-x86_64\eclipse\plugins\org.eclipse.justj.openjdk.hotspot.jre.full.win32.x86_64_21.0.5.v20241023-1957\jre\bin\extnet.dll

Deoptimization events (20 events):
Event: 3453.312 Thread 0x0000027e9edc7310 DEOPT PACKING pc=0x0000027e3d65e624 sp=0x000000d0e40fe7f0
Event: 3453.312 Thread 0x0000027e9edc7310 DEOPT UNPACKING pc=0x0000027e44a94e42 sp=0x000000d0e40fdcc0 mode 1
Event: 3453.312 Thread 0x0000027e9edc7310 Uncommon trap: trap_request=0xffffff97 fr.pc=0x0000027e451fd580 relative=0x00000000000005e0
Event: 3453.312 Thread 0x0000027e9edc7310 Uncommon trap: reason=unhandled action=none pc=0x0000027e451fd580 method=java.lang.Class.getMethod(Ljava/lang/String;[Ljava/lang/Class;)Ljava/lang/reflect/Method; @ 49 c2
Event: 3453.312 Thread 0x0000027e9edc7310 DEOPT PACKING pc=0x0000027e451fd580 sp=0x000000d0e40fe740
Event: 3453.312 Thread 0x0000027e9edc7310 DEOPT UNPACKING pc=0x0000027e44a946a2 sp=0x000000d0e40fe740 mode 2
Event: 3453.312 Thread 0x0000027e9edc7310 Uncommon trap: trap_request=0xffffff97 fr.pc=0x0000027e45715e38 relative=0x0000000000000998
Event: 3453.312 Thread 0x0000027e9edc7310 Uncommon trap: reason=unhandled action=none pc=0x0000027e45715e38 method=java.lang.Class.getMethod(Ljava/lang/String;[Ljava/lang/Class;)Ljava/lang/reflect/Method; @ 49 c2
Event: 3453.312 Thread 0x0000027e9edc7310 DEOPT PACKING pc=0x0000027e45715e38 sp=0x000000d0e40feac0
Event: 3453.312 Thread 0x0000027e9edc7310 DEOPT UNPACKING pc=0x0000027e44a946a2 sp=0x000000d0e40fea48 mode 2
Event: 3453.320 Thread 0x0000027e9edc7310 DEOPT PACKING pc=0x0000027e3ddc4b0c sp=0x000000d0e40fec00
Event: 3453.320 Thread 0x0000027e9edc7310 DEOPT UNPACKING pc=0x0000027e44a94e42 sp=0x000000d0e40fe168 mode 1
Event: 3453.320 Thread 0x0000027e9edc7310 DEOPT PACKING pc=0x0000027e3ddc4b0c sp=0x000000d0e40feb90
Event: 3453.321 Thread 0x0000027e9edc7310 DEOPT UNPACKING pc=0x0000027e44a94e42 sp=0x000000d0e40fe0f8 mode 1
Event: 3453.321 Thread 0x0000027e9edc7310 DEOPT PACKING pc=0x0000027e3ddc4b0c sp=0x000000d0e40feb20
Event: 3453.321 Thread 0x0000027e9edc7310 DEOPT UNPACKING pc=0x0000027e44a94e42 sp=0x000000d0e40fe088 mode 1
Event: 3453.556 Thread 0x0000027e9edca790 DEOPT PACKING pc=0x0000027e3e28c35b sp=0x000000d0e62fe830
Event: 3453.556 Thread 0x0000027e9edca790 DEOPT UNPACKING pc=0x0000027e44a94e42 sp=0x000000d0e62fdcb8 mode 0
Event: 3523.403 Thread 0x0000027ea35d4280 DEOPT PACKING pc=0x0000027e3de9f2e4 sp=0x000000d0e55fd560
Event: 3523.403 Thread 0x0000027ea35d4280 DEOPT UNPACKING pc=0x0000027e44a94e42 sp=0x000000d0e55fca08 mode 0

Classes loaded (20 events):
Event: 298.621 Loading class java/util/OptionalDouble
Event: 298.621 Loading class java/util/OptionalDouble done
Event: 298.621 Loading class java/util/OptionalInt
Event: 298.621 Loading class java/util/OptionalInt done
Event: 298.621 Loading class java/util/OptionalLong
Event: 298.621 Loading class java/util/OptionalLong done
Event: 1103.057 Loading class java/util/stream/ReferencePipeline$4
Event: 1103.058 Loading class java/util/stream/ReferencePipeline$4 done
Event: 1103.058 Loading class java/util/function/IntBinaryOperator
Event: 1103.058 Loading class java/util/function/IntBinaryOperator done
Event: 1103.058 Loading class java/util/stream/ReduceOps$7
Event: 1103.058 Loading class java/util/stream/ReduceOps$7 done
Event: 1103.058 Loading class java/util/stream/ReduceOps$6ReducingSink
Event: 1103.058 Loading class java/util/stream/ReduceOps$6ReducingSink done
Event: 1103.058 Loading class java/util/stream/ReferencePipeline$4$1
Event: 1103.058 Loading class java/util/stream/ReferencePipeline$4$1 done
Event: 1103.062 Loading class java/lang/Throwable$WrappedPrintWriter
Event: 1103.062 Loading class java/lang/Throwable$PrintStreamOrWriter
Event: 1103.062 Loading class java/lang/Throwable$PrintStreamOrWriter done
Event: 1103.062 Loading class java/lang/Throwable$WrappedPrintWriter done

Classes unloaded (13 events):
Event: 709.996 Thread 0x0000027e37858570 Unloading class 0x0000027e568d8800 'org/apache/catalina/loader/JdbcLeakPrevention'
Event: 840.830 Thread 0x0000027e37858570 Unloading class 0x0000027e56928800 'org/apache/catalina/loader/JdbcLeakPrevention'
Event: 953.164 Thread 0x0000027e37858570 Unloading class 0x0000027e56930c00 'org/apache/catalina/loader/JdbcLeakPrevention'
Event: 1185.498 Thread 0x0000027e37858570 Unloading class 0x0000027e56934800 'org/apache/catalina/loader/JdbcLeakPrevention'
Event: 1265.112 Thread 0x0000027e37858570 Unloading class 0x0000027e5694c800 'org/apache/catalina/loader/JdbcLeakPrevention'
Event: 1357.651 Thread 0x0000027e37858570 Unloading class 0x0000027e56952800 'org/apache/catalina/loader/JdbcLeakPrevention'
Event: 2272.200 Thread 0x0000027e37858570 Unloading class 0x0000027e56955800 'org/apache/catalina/loader/JdbcLeakPrevention'
Event: 2419.056 Thread 0x0000027e37858570 Unloading class 0x0000027e5695d000 'org/apache/catalina/loader/JdbcLeakPrevention'
Event: 2642.830 Thread 0x0000027e37858570 Unloading class 0x0000027e56962000 'org/apache/catalina/loader/JdbcLeakPrevention'
Event: 2863.728 Thread 0x0000027e37858570 Unloading class 0x0000027e56966000 'org/apache/catalina/loader/JdbcLeakPrevention'
Event: 2874.212 Thread 0x0000027e37858570 Unloading class 0x0000027e5696a000 'org/apache/catalina/loader/JdbcLeakPrevention'
Event: 2916.452 Thread 0x0000027e37858570 Unloading class 0x0000027e56974000 'org/apache/catalina/loader/JdbcLeakPrevention'
Event: 3310.964 Thread 0x0000027e37858570 Unloading class 0x0000027e56978000 'org/apache/catalina/loader/JdbcLeakPrevention'

Classes redefined (20 events):
Event: 3451.329 Thread 0x0000027e37858570 redefined class name=com.davide.azienda.service.PersonaService, count=2
Event: 3451.329 Thread 0x0000027e37858570 redefined class name=com.davide.azienda.service.PersonaService, count=1
Event: 3451.329 Thread 0x0000027e37858570 redefined class name=com.davide.azienda.service.PersonaService, count=2
Event: 3523.447 Thread 0x0000027e37858570 redefined class name=com.davide.azienda.controller.PersonaController, count=9
Event: 3523.447 Thread 0x0000027e37858570 redefined class name=com.davide.azienda.controller.PersonaController, count=10
Event: 3523.447 Thread 0x0000027e37858570 redefined class name=com.davide.azienda.controller.PersonaController, count=7
Event: 3523.447 Thread 0x0000027e37858570 redefined class name=com.davide.azienda.controller.PersonaController, count=12
Event: 3523.447 Thread 0x0000027e37858570 redefined class name=com.davide.azienda.controller.PersonaController, count=11
Event: 3523.447 Thread 0x0000027e37858570 redefined class name=com.davide.azienda.controller.PersonaController, count=5
Event: 3523.447 Thread 0x0000027e37858570 redefined class name=com.davide.azienda.controller.PersonaController, count=1
Event: 3523.447 Thread 0x0000027e37858570 redefined class name=com.davide.azienda.controller.PersonaController, count=1
Event: 3523.447 Thread 0x0000027e37858570 redefined class name=com.davide.azienda.controller.PersonaController, count=1
Event: 3523.447 Thread 0x0000027e37858570 redefined class name=com.davide.azienda.controller.PersonaController, count=3
Event: 3523.447 Thread 0x0000027e37858570 redefined class name=com.davide.azienda.controller.PersonaController, count=6
Event: 3523.447 Thread 0x0000027e37858570 redefined class name=com.davide.azienda.controller.PersonaController, count=2
Event: 3523.447 Thread 0x0000027e37858570 redefined class name=com.davide.azienda.controller.PersonaController, count=3
Event: 3523.447 Thread 0x0000027e37858570 redefined class name=com.davide.azienda.controller.PersonaController, count=13
Event: 3523.447 Thread 0x0000027e37858570 redefined class name=com.davide.azienda.controller.PersonaController, count=3
Event: 3523.447 Thread 0x0000027e37858570 redefined class name=com.davide.azienda.controller.PersonaController, count=8
Event: 3523.447 Thread 0x0000027e37858570 redefined class name=com.davide.azienda.controller.PersonaController, count=4

Internal exceptions (20 events):
Event: 3310.941 Thread 0x0000027e9bcf27a0 Exception <a 'java/lang/InterruptedException'{0x000000070f23d3f8}: sleep interrupted> (0x000000070f23d3f8) 
thrown [s\src\hotspot\share\prims\jvm.cpp, line 3074]
Event: 3311.033 Thread 0x0000027ea35d3bf0 Exception <a 'sun/nio/fs/WindowsException'{0x0000000719a98f18}> (0x0000000719a98f18) 
thrown [s\src\hotspot\share\prims\jni.cpp, line 520]
Event: 3311.338 Thread 0x0000027ea35d3bf0 Exception <a 'java/lang/NoClassDefFoundError'{0x000000070ef73af0}: org/flywaydb/core/Flyway> (0x000000070ef73af0) 
thrown [s\src\hotspot\share\oops\constantPool.cpp, line 873]
Event: 3311.339 Thread 0x0000027ea35d3bf0 Exception <a 'java/lang/NoClassDefFoundError'{0x000000070ef74150}: liquibase/integration/spring/SpringLiquibase> (0x000000070ef74150) 
thrown [s\src\hotspot\share\oops\constantPool.cpp, line 873]
Event: 3311.343 Thread 0x0000027ea35d3bf0 Exception <a 'java/lang/NoClassDefFoundError'{0x000000070efba040}: org/jooq/DSLContext> (0x000000070efba040) 
thrown [s\src\hotspot\share\oops\constantPool.cpp, line 873]
Event: 3311.344 Thread 0x0000027ea35d3bf0 Exception <a 'java/lang/NoClassDefFoundError'{0x000000070efc1070}: org/springframework/batch/core/repository/JobRepository> (0x000000070efc1070) 
thrown [s\src\hotspot\share\oops\constantPool.cpp, line 873]
Event: 3311.345 Thread 0x0000027ea35d3bf0 Exception <a 'java/lang/NoClassDefFoundError'{0x000000070efc16c8}: org/quartz/Scheduler> (0x000000070efc16c8) 
thrown [s\src\hotspot\share\oops\constantPool.cpp, line 873]
Event: 3311.345 Thread 0x0000027ea35d3bf0 Exception <a 'java/lang/NoClassDefFoundError'{0x000000070efc1d48}: org/springframework/session/jdbc/JdbcIndexedSessionRepository> (0x000000070efc1d48) 
thrown [s\src\hotspot\share\oops\constantPool.cpp, line 873]
Event: 3311.399 Thread 0x0000027ea35d3bf0 Exception <a 'java/io/FileNotFoundException'{0x000000070e9fd658}> (0x000000070e9fd658) 
thrown [s\src\hotspot\share\prims\jni.cpp, line 520]
Event: 3311.419 Thread 0x0000027ea35d3bf0 Exception <a 'java/io/FileNotFoundException'{0x000000070e79dda0}> (0x000000070e79dda0) 
thrown [s\src\hotspot\share\prims\jni.cpp, line 520]
Event: 3452.610 Thread 0x0000027e9bcf2e30 Exception <a 'java/lang/InterruptedException'{0x000000070fb7aac8}: sleep interrupted> (0x000000070fb7aac8) 
thrown [s\src\hotspot\share\prims\jvm.cpp, line 3074]
Event: 3452.699 Thread 0x0000027e9edc7310 Exception <a 'sun/nio/fs/WindowsException'{0x0000000719a89108}> (0x0000000719a89108) 
thrown [s\src\hotspot\share\prims\jni.cpp, line 520]
Event: 3453.002 Thread 0x0000027e9edc7310 Exception <a 'java/lang/NoClassDefFoundError'{0x000000070ef59eb8}: org/flywaydb/core/Flyway> (0x000000070ef59eb8) 
thrown [s\src\hotspot\share\oops\constantPool.cpp, line 873]
Event: 3453.003 Thread 0x0000027e9edc7310 Exception <a 'java/lang/NoClassDefFoundError'{0x000000070ef5a518}: liquibase/integration/spring/SpringLiquibase> (0x000000070ef5a518) 
thrown [s\src\hotspot\share\oops\constantPool.cpp, line 873]
Event: 3453.006 Thread 0x0000027e9edc7310 Exception <a 'java/lang/NoClassDefFoundError'{0x000000070efa0030}: org/jooq/DSLContext> (0x000000070efa0030) 
thrown [s\src\hotspot\share\oops\constantPool.cpp, line 873]
Event: 3453.007 Thread 0x0000027e9edc7310 Exception <a 'java/lang/NoClassDefFoundError'{0x000000070efa7060}: org/springframework/batch/core/repository/JobRepository> (0x000000070efa7060) 
thrown [s\src\hotspot\share\oops\constantPool.cpp, line 873]
Event: 3453.008 Thread 0x0000027e9edc7310 Exception <a 'java/lang/NoClassDefFoundError'{0x000000070efa76b8}: org/quartz/Scheduler> (0x000000070efa76b8) 
thrown [s\src\hotspot\share\oops\constantPool.cpp, line 873]
Event: 3453.008 Thread 0x0000027e9edc7310 Exception <a 'java/lang/NoClassDefFoundError'{0x000000070efa7d38}: org/springframework/session/jdbc/JdbcIndexedSessionRepository> (0x000000070efa7d38) 
thrown [s\src\hotspot\share\oops\constantPool.cpp, line 873]
Event: 3453.057 Thread 0x0000027e9edc7310 Exception <a 'java/io/FileNotFoundException'{0x000000070e9e48f8}> (0x000000070e9e48f8) 
thrown [s\src\hotspot\share\prims\jni.cpp, line 520]
Event: 3453.075 Thread 0x0000027e9edc7310 Exception <a 'java/io/FileNotFoundException'{0x000000070e785740}> (0x000000070e785740) 
thrown [s\src\hotspot\share\prims\jni.cpp, line 520]

ZGC Phase Switch (0 events):
No events

VM Operations (20 events):
Event: 3523.585 Executing VM operation: ChangeBreakpoints
Event: 3523.589 Executing VM operation: ChangeBreakpoints done
Event: 3523.592 Executing VM operation: ChangeBreakpoints
Event: 3523.596 Executing VM operation: ChangeBreakpoints done
Event: 3523.600 Executing VM operation: ChangeBreakpoints
Event: 3523.604 Executing VM operation: ChangeBreakpoints done
Event: 3523.608 Executing VM operation: ChangeBreakpoints
Event: 3523.613 Executing VM operation: ChangeBreakpoints done
Event: 3523.617 Executing VM operation: ChangeBreakpoints
Event: 3523.621 Executing VM operation: ChangeBreakpoints done
Event: 3523.625 Executing VM operation: ChangeBreakpoints
Event: 3523.629 Executing VM operation: ChangeBreakpoints done
Event: 3523.632 Executing VM operation: ChangeBreakpoints
Event: 3523.636 Executing VM operation: ChangeBreakpoints done
Event: 3523.639 Executing VM operation: ChangeBreakpoints
Event: 3523.643 Executing VM operation: ChangeBreakpoints done
Event: 3523.646 Executing VM operation: ChangeBreakpoints
Event: 3523.650 Executing VM operation: ChangeBreakpoints done
Event: 3523.653 Executing VM operation: ChangeSingleStep
Event: 3523.653 Executing VM operation: ChangeSingleStep done

Memory protections (0 events):
No events

Nmethod flushes (20 events):
Event: 3452.649 Thread 0x0000027e37858570 flushing  nmethod 0x0000027e3df27c90
Event: 3452.649 Thread 0x0000027e37858570 flushing  nmethod 0x0000027e3dfa4490
Event: 3452.649 Thread 0x0000027e37858570 flushing  nmethod 0x0000027e3dfdae90
Event: 3452.649 Thread 0x0000027e37858570 flushing  nmethod 0x0000027e3e06fc90
Event: 3452.649 Thread 0x0000027e37858570 flushing  nmethod 0x0000027e3e0dd610
Event: 3452.649 Thread 0x0000027e37858570 flushing  nmethod 0x0000027e3e13e710
Event: 3452.649 Thread 0x0000027e37858570 flushing  nmethod 0x0000027e3e154d10
Event: 3452.649 Thread 0x0000027e37858570 flushing  nmethod 0x0000027e3e15b510
Event: 3452.649 Thread 0x0000027e37858570 flushing  nmethod 0x0000027e3e15ca90
Event: 3452.649 Thread 0x0000027e37858570 flushing  nmethod 0x0000027e45ac9d10
Event: 3452.649 Thread 0x0000027e37858570 flushing  nmethod 0x0000027e45acbe90
Event: 3452.649 Thread 0x0000027e37858570 flushing  nmethod 0x0000027e3d610d10
Event: 3452.649 Thread 0x0000027e37858570 flushing  nmethod 0x0000027e3d847790
Event: 3452.649 Thread 0x0000027e37858570 flushing  nmethod 0x0000027e3dbe6890
Event: 3452.649 Thread 0x0000027e37858570 flushing  nmethod 0x0000027e3de0af10
Event: 3452.649 Thread 0x0000027e37858570 flushing  nmethod 0x0000027e3de13510
Event: 3452.649 Thread 0x0000027e37858570 flushing  nmethod 0x0000027e3df3de90
Event: 3452.649 Thread 0x0000027e37858570 flushing  nmethod 0x0000027e3e113890
Event: 3452.649 Thread 0x0000027e37858570 flushing  nmethod 0x0000027e3e4b6690
Event: 3452.649 Thread 0x0000027e37858570 flushing  nmethod 0x0000027e3e507f90

Events (20 events):
Event: 3453.076 Thread 0x0000027e9edc7310 Thread added: 0x0000027e9edc8d50
Event: 3453.076 Thread 0x0000027e9edc86c0 Thread added: 0x0000027e9edc93e0
Event: 3453.076 Thread 0x0000027e9edc7310 Thread added: 0x0000027e9edc5f60
Event: 3453.076 Thread 0x0000027e9edc7310 Thread added: 0x0000027e9edc8030
Event: 3453.076 Thread 0x0000027e9edc7310 Thread added: 0x0000027e9edc9a70
Event: 3453.077 Thread 0x0000027e9edc7310 Thread added: 0x0000027e9edca100
Event: 3453.077 Thread 0x0000027e9edc7310 Thread added: 0x0000027e9edc6c80
Event: 3453.077 Thread 0x0000027e9edc7310 Thread added: 0x0000027e9edcbb40
Event: 3453.077 Thread 0x0000027e9edc7310 Thread added: 0x0000027e9edcb4b0
Event: 3453.078 Thread 0x0000027e9edc7310 Thread added: 0x0000027e9edcc860
Event: 3453.112 Thread 0x0000027e9edc7310 Thread added: 0x0000027e9edcc1d0
Event: 3453.140 Thread 0x0000027e54a2d1f0 Thread added: 0x0000027e9b986fd0
Event: 3453.224 Thread 0x0000027e9edcc1d0 Thread added: 0x0000027e9edca790
Event: 3453.310 Thread 0x0000027e9edc7310 Thread added: 0x0000027e9edcae20
Event: 3453.317 Thread 0x0000027e9edc7310 Thread added: 0x0000027ea35cfa50
Event: 3453.317 Thread 0x0000027e9edc7310 Thread added: 0x0000027ea35d3560
Event: 3453.323 Thread 0x0000027e9edc7310 Thread exited: 0x0000027e9edc7310
Event: 3453.323 Thread 0x0000027e9edc5240 Thread exited: 0x0000027e9edc5240
Event: 3453.461 Thread 0x0000027e9b986fd0 Thread exited: 0x0000027e9b986fd0
Event: 3458.666 Thread 0x0000027e9edca790 Thread exited: 0x0000027e9edca790


Dynamic libraries:
0x00007ff6d2d20000 - 0x00007ff6d2d2e000 	C:\Users\david\Downloads\eclipse-jee-2024-12-R-win32-x86_64\eclipse\plugins\org.eclipse.justj.openjdk.hotspot.jre.full.win32.x86_64_21.0.5.v20241023-1957\jre\bin\javaw.exe
0x00007ffade880000 - 0x00007ffadeae3000 	C:\WINDOWS\SYSTEM32\ntdll.dll
0x00007ffadd3d0000 - 0x00007ffadd497000 	C:\WINDOWS\System32\KERNEL32.DLL
0x00007ffadbc80000 - 0x00007ffadc049000 	C:\WINDOWS\System32\KERNELBASE.dll
0x00007ffadc340000 - 0x00007ffadc48c000 	C:\WINDOWS\System32\ucrtbase.dll
0x00007ffad2990000 - 0x00007ffad29ae000 	C:\Users\david\Downloads\eclipse-jee-2024-12-R-win32-x86_64\eclipse\plugins\org.eclipse.justj.openjdk.hotspot.jre.full.win32.x86_64_21.0.5.v20241023-1957\jre\bin\VCRUNTIME140.dll
0x00007ffad2b70000 - 0x00007ffad2b88000 	C:\Users\david\Downloads\eclipse-jee-2024-12-R-win32-x86_64\eclipse\plugins\org.eclipse.justj.openjdk.hotspot.jre.full.win32.x86_64_21.0.5.v20241023-1957\jre\bin\jli.dll
0x00007ffadd830000 - 0x00007ffadd9fa000 	C:\WINDOWS\System32\USER32.dll
0x00007ffadc490000 - 0x00007ffadc4b7000 	C:\WINDOWS\System32\win32u.dll
0x00007ffac0dc0000 - 0x00007ffac1050000 	C:\WINDOWS\WinSxS\amd64_microsoft.windows.common-controls_6595b64144ccf1df_6.0.26100.3323_none_3e088096e3344490\COMCTL32.dll
0x00007ffadc6a0000 - 0x00007ffadc6ca000 	C:\WINDOWS\System32\GDI32.dll
0x00007ffadd4a0000 - 0x00007ffadd549000 	C:\WINDOWS\System32\msvcrt.dll
0x00007ffadbb40000 - 0x00007ffadbc71000 	C:\WINDOWS\System32\gdi32full.dll
0x00007ffadc5f0000 - 0x00007ffadc693000 	C:\WINDOWS\System32\msvcp_win.dll
0x00007ffaddc80000 - 0x00007ffaddcaf000 	C:\WINDOWS\System32\IMM32.DLL
0x00007ffad8b70000 - 0x00007ffad8b7c000 	C:\Users\david\Downloads\eclipse-jee-2024-12-R-win32-x86_64\eclipse\plugins\org.eclipse.justj.openjdk.hotspot.jre.full.win32.x86_64_21.0.5.v20241023-1957\jre\bin\vcruntime140_1.dll
0x00007ffa90150000 - 0x00007ffa901dd000 	C:\Users\david\Downloads\eclipse-jee-2024-12-R-win32-x86_64\eclipse\plugins\org.eclipse.justj.openjdk.hotspot.jre.full.win32.x86_64_21.0.5.v20241023-1957\jre\bin\msvcp140.dll
0x00007ffa479a0000 - 0x00007ffa4872f000 	C:\Users\david\Downloads\eclipse-jee-2024-12-R-win32-x86_64\eclipse\plugins\org.eclipse.justj.openjdk.hotspot.jre.full.win32.x86_64_21.0.5.v20241023-1957\jre\bin\server\jvm.dll
0x00007ffaddaf0000 - 0x00007ffaddba2000 	C:\WINDOWS\System32\ADVAPI32.dll
0x00007ffadd020000 - 0x00007ffadd0c6000 	C:\WINDOWS\System32\sechost.dll
0x00007ffadd560000 - 0x00007ffadd676000 	C:\WINDOWS\System32\RPCRT4.dll
0x00007ffadd730000 - 0x00007ffadd7a4000 	C:\WINDOWS\System32\WS2_32.dll
0x00007ffadb910000 - 0x00007ffadb95e000 	C:\WINDOWS\SYSTEM32\POWRPROF.dll
0x00007ffad2530000 - 0x00007ffad253b000 	C:\WINDOWS\SYSTEM32\VERSION.dll
0x00007ffad15d0000 - 0x00007ffad1606000 	C:\WINDOWS\SYSTEM32\WINMM.dll
0x00007ffadb8f0000 - 0x00007ffadb904000 	C:\WINDOWS\SYSTEM32\UMPDC.dll
0x00007ffada8a0000 - 0x00007ffada8ba000 	C:\WINDOWS\SYSTEM32\kernel.appcore.dll
0x00007ffad5640000 - 0x00007ffad564a000 	C:\Users\david\Downloads\eclipse-jee-2024-12-R-win32-x86_64\eclipse\plugins\org.eclipse.justj.openjdk.hotspot.jre.full.win32.x86_64_21.0.5.v20241023-1957\jre\bin\jimage.dll
0x00007fface6c0000 - 0x00007fface901000 	C:\WINDOWS\SYSTEM32\DBGHELP.DLL
0x00007ffade4b0000 - 0x00007ffade832000 	C:\WINDOWS\System32\combase.dll
0x00007ffadda10000 - 0x00007ffaddae6000 	C:\WINDOWS\System32\OLEAUT32.dll
0x00007ffabdc00000 - 0x00007ffabdc39000 	C:\WINDOWS\SYSTEM32\dbgcore.DLL
0x00007ffadc4c0000 - 0x00007ffadc559000 	C:\WINDOWS\System32\bcryptPrimitives.dll
0x00007ffad09b0000 - 0x00007ffad09ec000 	C:\Users\david\Downloads\eclipse-jee-2024-12-R-win32-x86_64\eclipse\plugins\org.eclipse.justj.openjdk.hotspot.jre.full.win32.x86_64_21.0.5.v20241023-1957\jre\bin\jdwp.dll
0x00007ffad8ad0000 - 0x00007ffad8adf000 	C:\Users\david\Downloads\eclipse-jee-2024-12-R-win32-x86_64\eclipse\plugins\org.eclipse.justj.openjdk.hotspot.jre.full.win32.x86_64_21.0.5.v20241023-1957\jre\bin\instrument.dll
0x00007ffad0de0000 - 0x00007ffad0dff000 	C:\Users\david\Downloads\eclipse-jee-2024-12-R-win32-x86_64\eclipse\plugins\org.eclipse.justj.openjdk.hotspot.jre.full.win32.x86_64_21.0.5.v20241023-1957\jre\bin\java.dll
0x00007ffaddcc0000 - 0x00007ffade3d5000 	C:\WINDOWS\System32\SHELL32.dll
0x00007ffadc050000 - 0x00007ffadc1b8000 	C:\WINDOWS\System32\wintypes.dll
0x00007ffad97a0000 - 0x00007ffad9fe5000 	C:\WINDOWS\SYSTEM32\windows.storage.dll
0x00007ffadcd40000 - 0x00007ffadce2b000 	C:\WINDOWS\System32\SHCORE.dll
0x00007ffadd680000 - 0x00007ffadd6dd000 	C:\WINDOWS\System32\shlwapi.dll
0x00007ffadb990000 - 0x00007ffadb9bf000 	C:\WINDOWS\SYSTEM32\profapi.dll
0x00007ffab1740000 - 0x00007ffab1758000 	C:\Users\david\Downloads\eclipse-jee-2024-12-R-win32-x86_64\eclipse\plugins\org.eclipse.justj.openjdk.hotspot.jre.full.win32.x86_64_21.0.5.v20241023-1957\jre\bin\zip.dll
0x00007ffad67f0000 - 0x00007ffad67fb000 	C:\Users\david\Downloads\eclipse-jee-2024-12-R-win32-x86_64\eclipse\plugins\org.eclipse.justj.openjdk.hotspot.jre.full.win32.x86_64_21.0.5.v20241023-1957\jre\bin\dt_socket.dll
0x00007ffada2e0000 - 0x00007ffada313000 	C:\WINDOWS\SYSTEM32\IPHLPAPI.DLL
0x00007ffadadc0000 - 0x00007ffadae2a000 	C:\WINDOWS\system32\mswsock.dll
0x00007ffada370000 - 0x00007ffada495000 	C:\WINDOWS\SYSTEM32\DNSAPI.dll
0x00007ffadd550000 - 0x00007ffadd55a000 	C:\WINDOWS\System32\NSI.dll
0x00007ffad4630000 - 0x00007ffad463b000 	C:\Windows\System32\rasadhlp.dll
0x00007ffad1ca0000 - 0x00007ffad1d25000 	C:\WINDOWS\System32\fwpuclnt.dll
0x00007ffad0dd0000 - 0x00007ffad0de0000 	C:\Users\david\Downloads\eclipse-jee-2024-12-R-win32-x86_64\eclipse\plugins\org.eclipse.justj.openjdk.hotspot.jre.full.win32.x86_64_21.0.5.v20241023-1957\jre\bin\net.dll
0x00007ffad3ee0000 - 0x00007ffad3ffe000 	C:\WINDOWS\SYSTEM32\WINHTTP.dll
0x00007ffaab3e0000 - 0x00007ffaab3f6000 	C:\Users\david\Downloads\eclipse-jee-2024-12-R-win32-x86_64\eclipse\plugins\org.eclipse.justj.openjdk.hotspot.jre.full.win32.x86_64_21.0.5.v20241023-1957\jre\bin\nio.dll
0x00007ffad31c0000 - 0x00007ffad31d0000 	C:\Users\david\Downloads\eclipse-jee-2024-12-R-win32-x86_64\eclipse\plugins\org.eclipse.justj.openjdk.hotspot.jre.full.win32.x86_64_21.0.5.v20241023-1957\jre\bin\verify.dll
0x00007ffad5630000 - 0x00007ffad563a000 	C:\Users\david\Downloads\eclipse-jee-2024-12-R-win32-x86_64\eclipse\plugins\org.eclipse.justj.openjdk.hotspot.jre.full.win32.x86_64_21.0.5.v20241023-1957\jre\bin\management.dll
0x00007ffad2980000 - 0x00007ffad298b000 	C:\Users\david\Downloads\eclipse-jee-2024-12-R-win32-x86_64\eclipse\plugins\org.eclipse.justj.openjdk.hotspot.jre.full.win32.x86_64_21.0.5.v20241023-1957\jre\bin\management_ext.dll
0x00007ffade460000 - 0x00007ffade468000 	C:\WINDOWS\System32\PSAPI.DLL
0x00007ffad2a80000 - 0x00007ffad2a8e000 	C:\Users\david\Downloads\eclipse-jee-2024-12-R-win32-x86_64\eclipse\plugins\org.eclipse.justj.openjdk.hotspot.jre.full.win32.x86_64_21.0.5.v20241023-1957\jre\bin\sunmscapi.dll
0x00007ffadc1c0000 - 0x00007ffadc337000 	C:\WINDOWS\System32\CRYPT32.dll
0x00007ffadb260000 - 0x00007ffadb290000 	C:\WINDOWS\SYSTEM32\ncrypt.dll
0x00007ffadb210000 - 0x00007ffadb24f000 	C:\WINDOWS\SYSTEM32\NTASN1.dll
0x00007ffadb060000 - 0x00007ffadb07c000 	C:\WINDOWS\SYSTEM32\CRYPTSP.dll
0x00007ffada800000 - 0x00007ffada83a000 	C:\WINDOWS\system32\rsaenh.dll
0x00007ffadae60000 - 0x00007ffadae8b000 	C:\WINDOWS\SYSTEM32\USERENV.dll
0x00007ffadb2a0000 - 0x00007ffadb2c6000 	C:\WINDOWS\SYSTEM32\bcrypt.dll
0x00007ffadb080000 - 0x00007ffadb08c000 	C:\WINDOWS\SYSTEM32\CRYPTBASE.dll
0x00007ffad0eb0000 - 0x00007ffad0eb9000 	C:\Users\david\Downloads\eclipse-jee-2024-12-R-win32-x86_64\eclipse\plugins\org.eclipse.justj.openjdk.hotspot.jre.full.win32.x86_64_21.0.5.v20241023-1957\jre\bin\extnet.dll
0x00007ffad2b90000 - 0x00007ffad2b98000 	C:\WINDOWS\system32\wshunix.dll

dbghelp: loaded successfully - version: 4.0.5 - missing functions: none
symbol engine: initialized successfully - sym options: 0x614 - pdb path: .;C:\Users\david\Downloads\eclipse-jee-2024-12-R-win32-x86_64\eclipse\plugins\org.eclipse.justj.openjdk.hotspot.jre.full.win32.x86_64_21.0.5.v20241023-1957\jre\bin;C:\WINDOWS\SYSTEM32;C:\WINDOWS\WinSxS\amd64_microsoft.windows.common-controls_6595b64144ccf1df_6.0.26100.3323_none_3e088096e3344490;C:\Users\david\Downloads\eclipse-jee-2024-12-R-win32-x86_64\eclipse\plugins\org.eclipse.justj.openjdk.hotspot.jre.full.win32.x86_64_21.0.5.v20241023-1957\jre\bin\server

VM Arguments:
jvm_args: -XX:+ShowCodeDetailsInExceptionMessages -agentlib:jdwp=transport=dt_socket,suspend=y,address=localhost:50470 -javaagent:C:\Users\david\Downloads\eclipse-jee-2024-12-R-win32-x86_64\eclipse\configuration\org.eclipse.osgi\444\0\.cp\lib\javaagent-shaded.jar -Dfile.encoding=UTF-8 -Dstdout.encoding=UTF-8 -Dstderr.encoding=UTF-8 
java_command: com.davide.azienda.AziendaApplication
java_class_path (initial): C:\Users\david\OneDrive\Desktop\spring\azienda\target\classes;C:\Users\david\.m2\repository\org\springframework\boot\spring-boot-starter-data-jpa\3.3.0\spring-boot-starter-data-jpa-3.3.0.jar;C:\Users\david\.m2\repository\org\springframework\boot\spring-boot-starter-aop\3.3.0\spring-boot-starter-aop-3.3.0.jar;C:\Users\david\.m2\repository\org\springframework\spring-aop\6.1.8\spring-aop-6.1.8.jar;C:\Users\david\.m2\repository\org\aspectj\aspectjweaver\1.9.22\aspectjweaver-1.9.22.jar;C:\Users\david\.m2\repository\org\springframework\boot\spring-boot-starter-jdbc\3.3.0\spring-boot-starter-jdbc-3.3.0.jar;C:\Users\david\.m2\repository\com\zaxxer\HikariCP\5.1.0\HikariCP-5.1.0.jar;C:\Users\david\.m2\repository\org\springframework\spring-jdbc\6.1.8\spring-jdbc-6.1.8.jar;C:\Users\david\.m2\repository\org\springframework\data\spring-data-jpa\3.3.0\spring-data-jpa-3.3.0.jar;C:\Users\david\.m2\repository\org\springframework\data\spring-data-commons\3.3.0\spring-data-commons-3.3.0.jar;C:\Users\david\.m2\repository\org\springframework\spring-orm\6.1.8\spring-orm-6.1.8.jar;C:\Users\david\.m2\repository\org\springframework\spring-context\6.1.8\spring-context-6.1.8.jar;C:\Users\david\.m2\repository\org\springframework\spring-tx\6.1.8\spring-tx-6.1.8.jar;C:\Users\david\.m2\repository\org\springframework\spring-beans\6.1.8\spring-beans-6.1.8.jar;C:\Users\david\.m2\repository\jakarta\annotation\jakarta.annotation-api\2.1.1\jakarta.annotation-api-2.1.1.jar;C:\Users\david\.m2\repository\org\slf4j\slf4j-api\2.0.13\slf4j-api-2.0.13.jar;C:\Users\david\.m2\repository\org\springframework\spring-aspects\6.1.8\spring-aspects-6.1.8.jar;C:\Users\david\.m2\repository\javax\xml\bind\jaxb-api\2.3.1\jaxb-api-2.3.1.jar;C:\Users\david\.m2\repository\javax\activation\javax.activation-api\1.2.0\javax.activation-api-1.2.0.jar;C:\Users\david\.m2\repository\org\hibernate\orm\hibernate-core\6.3.1.Final\hibernate-core-6.3.1.Final.jar;C:\Users\david\.m2\repository\jakarta\persistence\jakarta.persistence-api\3.1.0\jakarta.persistence-api-3.1.0.jar;C:\Users\david\.m2\repository\jakarta\transaction\jakarta.transaction-api\2.0.1\jakarta.transaction-api-2.0.1.jar;C:\Users\david\.m2\repository\org\jboss\logging\jboss-logging\3.5.3.Final\jboss-logging-3.5.3.Final.jar;C:\Users\david\.m2\repository\org\hibernate\common\hibernate-commons-annotations\6.0.6.Final\hibernate-commons-annotations-6.0.6.Final.jar;C:\Users\david\.m2\repository\io\smallrye\jandex\3.1.2\jandex-3.1.2.jar;C:\Users\david\.m2\repository\com\fasterxml\classmate\1.7.0\classmate-1.7.0.jar;C:\Users\david\.m2\repository\net\bytebuddy\byte-buddy\1.14.16\byte-buddy-1.14.16.jar;C:\Users\david\.m2\repository\jakarta\xml\bind\jakarta.xml.bind-api\4.0.2\jakarta.xml.bind-api-4.0.2.jar;C:\Users\david\.m2\repository\jakarta\activation\jakarta.activation-api\2.1.3\jakarta.activation-api-2.1.3.jar;C:\Users\david\.m2\repository\org\glassfish\jaxb\jaxb-runtime\4.0.5\jaxb-runtime-4.0.5.jar;C:\Users\david\.m2\repository\org\glassfish\jaxb\jaxb-core\4.0.5\jaxb-core-4.0.5.jar;C:\Users\david\.m2\repository\org\eclipse\angus\angus-activation\2.0.2\angus-activation-2.0.2.jar;C:\Users\david\.m2\repository\org\glassfish\jaxb\txw2\4.0.5\txw2-4.0.5.jar;C:\Users\david\.m2\repository\com\sun\istack\istack-commons-runtime\4.1.2\istack-commons-runtime-4.1.2.jar;C:\Users\david\.m2\repository\jakarta\inject\jakarta.inject-api\2.0.1\jakarta.inject-api-2.0.1.jar;C:\Users\david\.m2\repository\org\antlr\antlr4-runtime\4.10.1\antlr4-runtime-4.10.1.jar;C:\Users\david\.m2\repository\org\hibernate\hibernate-entitymanager\5.6.12.Final\hibernate-entitymanager-5.6.12.Final.jar;C:\Users\david\.m2\repository\javax\persistence\javax.persistence-api\2.2\javax.persistence-api-2.2.jar;C:\Users\david\.m2\repository\org\jboss\spec\javax\transaction\jboss-transaction-api_1.2_spec\1.1.1.Final\jboss-transaction-api_1.2_spec-1.1.1.Final.jar;C:\Users\david\.m2\repository\org\javassist\javassist\3.29.0-GA\javassist-3.29.0-GA.jar;C:\Users\david\.m2\repository\mysql\mysql-connector-java\8.0.29\mysql-connector-java-8.0.29.jar;C:\Users\david\.m2\repository\com\google\protobuf\protobuf-java\3.19.4\protobuf-java-3.19.4.jar;C:\Users\david\.m2\repository\org\springframework\boot\spring-boot-starter-web\3.3.0\spring-boot-starter-web-3.3.0.jar;C:\Users\david\.m2\repository\org\springframework\boot\spring-boot-starter\3.3.0\spring-boot-starter-3.3.0.jar;C:\Users\david\.m2\repository\org\springframework\boot\spring-boot-starter-logging\3.3.0\spring-boot-starter-logging-3.3.0.jar;C:\Users\david\.m2\repository\ch\qos\logback\logback-classic\1.5.6\logback-classic-1.5.6.jar;C:\Users\david\.m2\repository\ch\qos\logback\logback-core\1.5.6\logback-core-1.5.6.jar;C:\Users\david\.m2\repository\org\apache\logging\log4j\log4j-to-slf4j\2.23.1\log4j-to-slf4j-2.23.1.jar;C:\Users\david\.m2\repository\org\apache\logging\log4j\log4j-api\2.23.1\log4j-api-2.23.1.jar;C:\Users\david\.m2\repository\org\slf4j\jul-to-slf4j\2.0.13\jul-to-slf4j-2.0.13.jar;C:\Users\david\.m2\repository\org\yaml\snakeyaml\2.2\snakeyaml-2.2.jar;C:\Users\david\.m2\repository\org\springframework\boot\spring-boot-starter-json\3.3.0\spring-boot-starter-json-3.3.0.jar;C:\Users\david\.m2\repository\com\fasterxml\jackson\core\jackson-databind\2.17.1\jackson-databind-2.17.1.jar;C:\Users\david\.m2\repository\com\fasterxml\jackson\core\jackson-annotations\2.17.1\jackson-annotations-2.17.1.jar;C:\Users\david\.m2\repository\com\fasterxml\jackson\core\jackson-core\2.17.1\jackson-core-2.17.1.jar;C:\Users\david\.m2\repository\com\fasterxml\jackson\datatype\jackson-datatype-jdk8\2.17.1\jackson-datatype-jdk8-2.17.1.jar;C:\Users\david\.m2\repository\com\fasterxml\jackson\datatype\jackson-datatype-jsr310\2.17.1\jackson-datatype-jsr310-2.17.1.jar;C:\Users\david\.m2\repository\com\fasterxml\jackson\module\jackson-module-parameter-names\2.17.1\jackson-module-parameter-names-2.17.1.jar;C:\Users\david\.m2\repository\org\springframework\boot\spring-boot-starter-tomcat\3.3.0\spring-boot-starter-tomcat-3.3.0.jar;C:\Users\david\.m2\repository\org\apache\tomcat\embed\tomcat-embed-core\10.1.24\tomcat-embed-core-10.1.24.jar;C:\Users\david\.m2\repository\org\apache\tomcat\embed\tomcat-embed-el\10.1.24\tomcat-embed-el-10.1.24.jar;C:\Users\david\.m2\repository\org\apache\tomcat\embed\tomcat-embed-websocket\10.1.24\tomcat-embed-websocket-10.1.24.jar;C:\Users\david\.m2\repository\org\springframework\spring-web\6.1.8\spring-web-6.1.8.jar;C:\Users\david\.m2\repository\io\micrometer\micrometer-observation\1.13.0\micrometer-observation-1.13.0.jar;C:\Users\david\.m2\repository\io\micrometer\micrometer-commons\1.13.0\micrometer-commons-1.13.0.jar;C:\Users\david\.m2\repository\org\springframework\spring-webmvc\6.1.8\spring-webmvc-6.1.8.jar;C:\Users\david\.m2\repository\org\springframework\spring-expression\6.1.8\spring-expression-6.1.8.jar;C:\Users\david\.m2\repository\org\springframework\boot\spring-boot-devtools\3.3.0\spring-boot-devtools-3.3.0.jar;C:\Users\david\.m2\repository\org\springframework\boot\spring-boot\3.3.0\spring-boot-3.3.0.jar;C:\Users\david\.m2\repository\org\springframework\boot\spring-boot-autoconfigure\3.3.0\spring-boot-autoconfigure-3.3.0.jar;C:\Users\david\.m2\repository\org\springframework\spring-core\6.1.8\spring-core-6.1.8.jar;C:\Users\david\.m2\repository\org\springframework\spring-jcl\6.1.8\spring-jcl-6.1.8.jar;C:\Users\david\.m2\repository\org\springframework\boot\spring-boot-starter-thymeleaf\3.3.0\spring-boot-starter-thymeleaf-3.3.0.jar;C:\Users\david\.m2\repository\org\thymeleaf\thymeleaf-spring6\3.1.2.RELEASE\thymeleaf-spring6-3.1.2.RELEASE.jar;C:\Users\david\.m2\repository\org\thymeleaf\thymeleaf\3.1.2.RELEASE\thymeleaf-3.1.2.RELEASE.jar;C:\Users\david\.m2\repository\org\attoparser\attoparser\2.0.7.RELEASE\attoparser-2.0.7.RELEASE.jar;C:\Users\david\.m2\repository\org\unbescape\unbescape\1.1.6.RELEASE\unbescape-1.1.6.RELEASE.jar
Launcher Type: SUN_STANDARD

[Global flags]
     intx CICompilerCount                          = 12                                        {product} {ergonomic}
     uint ConcGCThreads                            = 3                                         {product} {ergonomic}
     uint G1ConcRefinementThreads                  = 13                                        {product} {ergonomic}
   size_t G1HeapRegionSize                         = 2097152                                   {product} {ergonomic}
    uintx GCDrainStackTargetSize                   = 64                                        {product} {ergonomic}
   size_t InitialHeapSize                          = 257949696                                 {product} {ergonomic}
   size_t MarkStackSize                            = 4194304                                   {product} {ergonomic}
   size_t MaxHeapSize                              = 4120903680                                {product} {ergonomic}
   size_t MaxNewSize                               = 2472542208                                {product} {ergonomic}
   size_t MinHeapDeltaBytes                        = 2097152                                   {product} {ergonomic}
   size_t MinHeapSize                              = 8388608                                   {product} {ergonomic}
    uintx NonNMethodCodeHeapSize                   = 7602480                                {pd product} {ergonomic}
    uintx NonProfiledCodeHeapSize                  = 122027880                              {pd product} {ergonomic}
    uintx ProfiledCodeHeapSize                     = 122027880                              {pd product} {ergonomic}
    uintx ReservedCodeCacheSize                    = 251658240                              {pd product} {ergonomic}
     bool SegmentedCodeCache                       = true                                      {product} {ergonomic}
     bool ShowCodeDetailsInExceptionMessages       = true                                   {manageable} {command line}
   size_t SoftMaxHeapSize                          = 4120903680                             {manageable} {ergonomic}
     bool UseCompressedOops                        = true                           {product lp64_product} {ergonomic}
     bool UseG1GC                                  = true                                      {product} {ergonomic}
     bool UseLargePagesIndividualAllocation        = false                                  {pd product} {ergonomic}

Logging:
Log output configuration:
 #0: stdout all=warning uptime,level,tags foldmultilines=false
 #1: stderr all=off uptime,level,tags foldmultilines=false

Environment Variables:
JAVA_HOME=C:\Program Files\Java\jdk-23
PATH=C:\Users\david\Downloads\eclipse-jee-2024-12-R-win32-x86_64\eclipse\plugins\org.eclipse.justj.openjdk.hotspot.jre.full.win32.x86_64_21.0.5.v20241023-1957\jre\bin;C:/Users/david/Downloads/eclipse-jee-2024-12-R-win32-x86_64/eclipse//plugins/org.eclipse.justj.openjdk.hotspot.jre.full.win32.x86_64_21.0.5.v20241023-1957/jre/bin/server;C:/Users/david/Downloads/eclipse-jee-2024-12-R-win32-x86_64/eclipse//plugins/org.eclipse.justj.openjdk.hotspot.jre.full.win32.x86_64_21.0.5.v20241023-1957/jre/bin;C:\Program Files\Java\jdk-23\bin;C:\Program Files\Common Files\Oracle\Java\javapath;C:\oci_client\;C:\ProgramData\Oracle\Java\javapath;C:\Program Files (x86)\Common Files\Oracle\Java\java8path;C:\Program Files (x86)\Common Files\Intel\Shared Libraries\redist\intel64\compiler;C:\windows\system32;C:\windows;C:\windows\System32\Wbem;C:\windows\System32\WindowsPowerShell\v1.0\;C:\windows\System32\OpenSSH\;C:\Program Files (x86)\NVIDIA Corporation\PhysX\Common;C:\Program Files\NVIDIA Corporation\NVIDIA NvDLISR;C:\WINDOWS\system32;C:\WINDOWS;C:\WINDOWS\System32\Wbem;C:\WINDOWS\System32\WindowsPowerShell\v1.0\;C:\WINDOWS\System32\OpenSSH\;C:\Program Files\dotnet\;C:\Program Files\HP\HP One Agent;C:\Program Files (x86)\Microsoft SQL Server\160\Tools\Binn\;C:\Program Files\Microsoft SQL Server\160\Tools\Binn\;C:\Program Files\Microsoft SQL Server\Client SDK\ODBC\170\Tools\Binn\;C:\Program Files\Microsoft SQL Server\160\DTS\Binn\;C:\Program Files (x86)\Microsoft SQL Server\160\DTS\Binn\;C:\Program Files\Microsoft SQL Server\150\Tools\Binn\;C:\Program Files\Git\cmd;C:\Program Files\nodejs\;C:\WINDOWS\system32;C:\WINDOWS;C:\WINDOWS\System32\Wbem;C:\WINDOWS\System32\WindowsPowerShell\v1.0\;C:\WINDOWS\System32\OpenSSH\;C:\Program Files\PowerShell\7\;C:\Users\david\Downloads\eclipse-jee-2024-12-R-win32-x86_64\eclipse\eclipse.exe;C:\Users\david\AppData\Local\Programs\Python\Python313\Scripts\;C:\Users\david\AppData\Local\Programs\Python\Python313\;C:\Users\david\AppData\Local\Microsoft\WindowsApps;C:\Program Files (x86)\Brackets\;C:\Users\david\AppData\Local\Programs\Microsoft VS Code\bin;C:\Users\david\.dotnet\tools;C:\Users\david\AppData\Roaming\npm;;C:\Users\david\Downloads\eclipse-jee-2024-12-R-win32-x86_64\eclipse;
USERNAME=david
OS=Windows_NT
PROCESSOR_IDENTIFIER=AMD64 Family 25 Model 80 Stepping 0, AuthenticAMD
TMP=C:\Users\david\AppData\Local\Temp
TEMP=C:\Users\david\AppData\Local\Temp




Periodic native trim disabled

---------------  S Y S T E M  ---------------

OS:
 Windows 11 , 64 bit Build 26100 (10.0.26100.3323)
OS uptime: 2 days 0:08 hours

CPU: total 16 (initial active 16) (16 cores per cpu, 2 threads per core) family 25 model 80 stepping 0 microcode 0xa50000d, cx8, cmov, fxsr, ht, mmx, 3dnowpref, sse, sse2, sse3, ssse3, sse4a, sse4.1, sse4.2, popcnt, lzcnt, tsc, tscinvbit, avx, avx2, aes, erms, clmul, bmi1, bmi2, adx, sha, fma, vzeroupper, clflush, clflushopt, rdtscp, rdpid, fsrm, f16c, pku, cet_ss
Processor Information for all 16 processors :
  Max Mhz: 3201, Current Mhz: 1990, Mhz Limit: 3201

Memory: 4k page, system-wide physical 15713M (4306M free)
TotalPageFile size 34479M (AvailPageFile size 16073M)
current process WorkingSet (physical memory assigned to process): 309M, peak: 443M
current process commit charge ("private bytes"): 371M, peak: 500M

vm_info: OpenJDK 64-Bit Server VM (21.0.5+11-LTS) for windows-amd64 JRE (21.0.5+11-LTS), built on 2024-10-15T00:00:00Z by "admin" with MS VC++ 17.7 (VS2022)

END.
